* using log directory ‘/home/pvermees/Dropbox/Programming/R/IsoplotR/IsoplotR.Rcheck’
* using R version 3.4.4 (2018-03-15)
* using platform: x86_64-pc-linux-gnu (64-bit)
* using session charset: UTF-8
* using option ‘--as-cran’
* checking for file ‘IsoplotR/DESCRIPTION’ ... OK
* this is package ‘IsoplotR’ version ‘2.5’
* package encoding: UTF-8
* checking CRAN incoming feasibility ... NOTE
Maintainer: ‘Pieter Vermeesch <p.vermeesch@ucl.ac.uk>’

The build time stamp is missing.
* checking package namespace information ... OK
* checking package dependencies ... OK
* checking if this is a source package ... OK
* checking if there is a namespace ... OK
* checking for executable files ... OK
* checking for hidden files and directories ... NOTE
Found the following hidden files and directories:
  .Rhistory
  .git
These were most likely included in error. See section ‘Package
structure’ in the ‘Writing R Extensions’ manual.

CRAN-pack does not know about
  .git
* checking for portable file names ... OK
* checking for sufficient/correct file permissions ... OK
* checking whether package ‘IsoplotR’ can be installed ... OK
* checking installed package size ... OK
* checking package directory ... OK
* checking DESCRIPTION meta-information ... NOTE
Checking should be performed on sources prepared by ‘R CMD build’.
* checking top-level files ... NOTE
Non-standard files/directories found at top level:
  ‘IsoplotR.Rcheck’ ‘IsoplotR.pdf’
* checking for left-over files ... OK
* checking index information ... OK
* checking package subdirectories ... WARNING
Found the following directory with the name of a check directory:
  ./IsoplotR.Rcheck
Most likely, these were included erroneously.
Found the following directory with the name of a version control directory:
  ./.git
These should not be in a package tarball.
Found the following CITATION file in a non-standard place:
  IsoplotR.Rcheck/IsoplotR/CITATION
Most likely ‘inst/CITATION’ should be used instead.
* checking R files for non-ASCII characters ... OK
* checking R files for syntax errors ... OK
* checking whether the package can be loaded ... OK
* checking whether the package can be loaded with stated dependencies ... OK
* checking whether the package can be unloaded cleanly ... OK
* checking whether the namespace can be loaded with stated dependencies ... OK
* checking whether the namespace can be unloaded cleanly ... OK
* checking loading without being on the library search path ... OK
* checking use of S3 registration ... OK
* checking dependencies in R code ... OK
* checking S3 generic/method consistency ... OK
* checking replacement functions ... OK
* checking foreign function calls ... OK
* checking R code for possible problems ... OK
* checking Rd files ... OK
* checking Rd metadata ... OK
* checking Rd line widths ... OK
* checking Rd cross-references ... OK
* checking for missing documentation entries ... OK
* checking for code/documentation mismatches ... OK
* checking Rd \usage sections ... WARNING
Undocumented arguments in documentation object 'scatterplot'
  ‘...’

Functions with \usage entries need to have the appropriate \alias
entries, and all their arguments documented.
The \usage entries must correspond to syntactically valid R code.
See chapter ‘Writing R documentation files’ in the ‘Writing R
Extensions’ manual.
* checking Rd contents ... OK
* checking for unstated dependencies in examples ... OK
* checking contents of ‘data’ directory ... OK
* checking data for non-ASCII characters ... OK
* checking data for ASCII and uncompressed saves ... OK
* checking examples ... ERROR
Running examples in ‘IsoplotR-Ex.R’ failed
The error most likely occurred in:

> base::assign(".ptime", proc.time(), pos = "CheckExEnv")
> ### Name: york
> ### Title: Linear regression of X,Y-variables with correlated errors
> ### Aliases: york
> 
> ### ** Examples
> 
> X <- c(1.550,12.395,20.445,20.435,20.610,24.900,
+        28.530,50.540,51.595,86.51,106.40,157.35)
> Y <- c(.7268,.7849,.8200,.8156,.8160,.8322,
+        .8642,.9584,.9617,1.135,1.230,1.490)
> n <- length(X)
> sX <- X*0.01
> sY <- Y*0.005
> rXY <- rep(0.8,n)
> dat <- cbind(X,sX,Y,sY,rXY)
> scatterplot(xyz=dat,fit=york(dat),show.ellipses=1)
Error in nrow(xy) : argument "xy" is missing, with no default
Calls: scatterplot -> nrow
Execution halted
* checking PDF version of manual ... OK
* DONE
Status: 1 ERROR, 2 WARNINGs, 4 NOTEs
