Hmm ... looks like a package

This is pdfTeX, Version 3.14159265-2.6-1.40.18 (TeX Live 2017) (preloaded format=pdflatex)
 restricted \write18 enabled.
entering extended mode
LaTeX2e <2017-04-15>
Babel <3.10> and hyphenation patterns for 84 language(s) loaded.
(./Rd2.tex
(/usr/local/texlive/2017/texmf-dist/tex/latex/base/book.cls
Document Class: book 2014/09/29 v1.4h Standard LaTeX document class
(/usr/local/texlive/2017/texmf-dist/tex/latex/base/bk10.clo))
(/Library/Frameworks/R.framework/Resources/share/texmf/tex/latex/Rd.sty
(/usr/local/texlive/2017/texmf-dist/tex/latex/base/ifthen.sty)
(/usr/local/texlive/2017/texmf-dist/tex/latex/tools/longtable.sty)
(/usr/local/texlive/2017/texmf-dist/tex/latex/tools/bm.sty)
(/usr/local/texlive/2017/texmf-dist/tex/latex/base/alltt.sty)
(/usr/local/texlive/2017/texmf-dist/tex/latex/tools/verbatim.sty)
(/usr/local/texlive/2017/texmf-dist/tex/latex/url/url.sty)
(/usr/local/texlive/2017/texmf-dist/tex/latex/base/textcomp.sty
(/usr/local/texlive/2017/texmf-dist/tex/latex/base/ts1enc.def))
(/usr/local/texlive/2017/texmf-dist/tex/latex/base/fontenc.sty
(/usr/local/texlive/2017/texmf-dist/tex/latex/base/t1enc.def))
(/usr/local/texlive/2017/texmf-dist/tex/latex/psnfss/times.sty)
(/usr/local/texlive/2017/texmf-dist/tex/latex/inconsolata/zi4.sty
`inconsolata-zi4' v1.112, 2017/01/04 Text macros for Inconsolata (msharpe)
(/usr/local/texlive/2017/texmf-dist/tex/latex/xkeyval/xkeyval.sty
(/usr/local/texlive/2017/texmf-dist/tex/generic/xkeyval/xkeyval.tex
(/usr/local/texlive/2017/texmf-dist/tex/generic/xkeyval/xkvutils.tex
(/usr/local/texlive/2017/texmf-dist/tex/generic/xkeyval/keyval.tex)))))
(/usr/local/texlive/2017/texmf-dist/tex/latex/graphics/color.sty
(/usr/local/texlive/2017/texmf-dist/tex/latex/graphics-cfg/color.cfg)
(/usr/local/texlive/2017/texmf-dist/tex/latex/graphics-def/pdftex.def
(/usr/local/texlive/2017/texmf-dist/tex/generic/oberdiek/infwarerr.sty)
(/usr/local/texlive/2017/texmf-dist/tex/generic/oberdiek/ltxcmds.sty)))
(/usr/local/texlive/2017/texmf-dist/tex/latex/hyperref/hyperref.sty
(/usr/local/texlive/2017/texmf-dist/tex/generic/oberdiek/hobsub-hyperref.sty
(/usr/local/texlive/2017/texmf-dist/tex/generic/oberdiek/hobsub-generic.sty))
(/usr/local/texlive/2017/texmf-dist/tex/generic/ifxetex/ifxetex.sty)
(/usr/local/texlive/2017/texmf-dist/tex/latex/oberdiek/auxhook.sty)
(/usr/local/texlive/2017/texmf-dist/tex/latex/oberdiek/kvoptions.sty)
(/usr/local/texlive/2017/texmf-dist/tex/latex/hyperref/pd1enc.def)
(/usr/local/texlive/2017/texmf-dist/tex/latex/latexconfig/hyperref.cfg))

Package hyperref Message: Driver (autodetected): hpdftex.

(/usr/local/texlive/2017/texmf-dist/tex/latex/hyperref/hpdftex.def
(/usr/local/texlive/2017/texmf-dist/tex/latex/oberdiek/rerunfilecheck.sty))

Package hyperref Warning: Option `hyperindex' has already been used,
(hyperref)                setting the option has no effect on input line 366.


Package hyperref Warning: Option `pagebackref' has already been used,
(hyperref)                setting the option has no effect on input line 366.

) (/usr/local/texlive/2017/texmf-dist/tex/latex/base/makeidx.sty)
(/usr/local/texlive/2017/texmf-dist/tex/latex/base/inputenc.sty
(/usr/local/texlive/2017/texmf-dist/tex/latex/base/utf8.def
(/usr/local/texlive/2017/texmf-dist/tex/latex/base/t1enc.dfu)
(/usr/local/texlive/2017/texmf-dist/tex/latex/base/ot1enc.dfu)
(/usr/local/texlive/2017/texmf-dist/tex/latex/base/omsenc.dfu)
(/usr/local/texlive/2017/texmf-dist/tex/latex/base/ts1enc.dfu))
(/usr/local/texlive/2017/texmf-dist/tex/latex/base/latin1.def))
Writing index file Rd2.idx
No file Rd2.aux.
(/usr/local/texlive/2017/texmf-dist/tex/latex/base/ts1cmr.fd)
(/usr/local/texlive/2017/texmf-dist/tex/latex/psnfss/t1ptm.fd)
(/usr/local/texlive/2017/texmf-dist/tex/context/base/mkii/supp-pdf.mkii
[Loading MPS to PDF converter (version 2006.09.02).]
) (/usr/local/texlive/2017/texmf-dist/tex/latex/hyperref/nameref.sty
(/usr/local/texlive/2017/texmf-dist/tex/generic/oberdiek/gettitlestring.sty))
(/usr/local/texlive/2017/texmf-dist/tex/latex/psnfss/ts1ptm.fd)
(/usr/local/texlive/2017/texmf-dist/tex/latex/inconsolata/t1zi4.fd)
(/usr/local/texlive/2017/texmf-dist/tex/latex/psnfss/t1phv.fd)
(/usr/local/texlive/2017/texmf-dist/tex/latex/base/utf8.def) [1{/usr/local/texl
ive/2017/texmf-var/fonts/map/pdftex/updmap/pdftex.map}]
(/usr/local/texlive/2017/texmf-dist/tex/latex/inconsolata/ts1zi4.fd)
Overfull \hbox (42.20897pt too wide) in paragraph at lines 106--109
\T1/ptm/m/n/10 the spon-ta-neous and in-duced track den-si-ties \T1/zi4/m/n/10 
Ns \T1/ptm/m/n/10 and \T1/zi4/m/n/10 Ni \T1/ptm/m/n/10 (if \T1/zi4/m/n/10 metho
d=\TS1/zi4/m/n/10 '\T1/zi4/m/n/10 fissiontracks\TS1/zi4/m/n/10 '\T1/ptm/m/n/10 
), 
[2]
Overfull \hbox (29.01964pt too wide) in paragraph at lines 120--122
[]\T1/ptm/m/n/10 a six el-e-ment vec-tor con-tain-ing \T1/zi4/m/n/10 Rb\T1/ptm/
m/n/10 , \T1/zi4/m/n/10 s[Rb]\T1/ptm/m/n/10 , \T1/zi4/m/n/10 Sr\T1/ptm/m/n/10 ,
 \T1/zi4/m/n/10 s[Sr]\T1/ptm/m/n/10 , \T1/zi4/m/n/10 Sr87Sr86\T1/ptm/m/n/10 , a
nd \T1/zi4/m/n/10 s[Sr87Sr86] 

Overfull \hbox (9.80981pt too wide) in paragraph at lines 132--134
[]\T1/ptm/m/n/10 a five el-e-ment vec-tor con-tain-ing \T1/zi4/m/n/10 0/8\T1/pt
m/m/n/10 , \T1/zi4/m/n/10 s[0/8]\T1/ptm/m/n/10 , \T1/zi4/m/n/10 4/8\T1/ptm/m/n/
10 , \T1/zi4/m/n/10 s[4/8] \T1/ptm/m/n/10 and \T1/zi4/m/n/10 cov[0/8,4/8] 

Overfull \hbox (3.87054pt too wide) in paragraph at lines 152--156
[]\T1/ptm/m/n/10 one of ei-ther \TS1/zi4/m/n/10 '\T1/zi4/m/n/10 U238-Pb206\TS1/
zi4/m/n/10 '\T1/ptm/m/n/10 , \TS1/zi4/m/n/10 '\T1/zi4/m/n/10 U235-Pb207\TS1/zi4
/m/n/10 '\T1/ptm/m/n/10 , \TS1/zi4/m/n/10 '\T1/zi4/m/n/10 Pb207-Pb206\TS1/zi4/m
/n/10 '\T1/ptm/m/n/10 , \TS1/zi4/m/n/10 '\T1/zi4/m/n/10 Ar-Ar\TS1/zi4/m/n/10 '\
T1/ptm/m/n/10 , \TS1/zi4/m/n/10 '\T1/zi4/m/n/10 Th-U\TS1/zi4/m/n/10 '\T1/ptm/m/
n/10 ,

Overfull \hbox (1.93826pt too wide) in paragraph at lines 184--187
\T1/ptm/m/n/10 that in-cludes ac-counts for any overdis-per-sion by adding a ge
-o-log-i-cal (co)variance

Overfull \hbox (15.79549pt too wide) in paragraph at lines 216--225
\T1/ptm/m/n/10 mon') $[]$Ar/$[]$Ar, $[]$Pb/$[]$Pb, $[]$Sr/$[]$Sr, $[]$Nd/$[]$Nd
, $[]$Os/$[]$Os or $[]$Hf/$[]$Hf
[3] (/usr/local/texlive/2017/texmf-dist/tex/latex/base/utf8.def) [4]
Overfull \hbox (13.88815pt too wide) in paragraph at lines 341--347
[]\T1/ptm/m/n/10 logical flag in-di-cat-ing whether a plateau age should be cal
-cu-lated. If \T1/zi4/m/n/10 plateau=TRUE\T1/ptm/m/n/10 ,
[5] (/usr/local/texlive/2017/texmf-dist/tex/latex/base/utf8.def) [6] [7]
Overfull \hbox (7.6388pt too wide) in paragraph at lines 534--538
[]\T1/ptm/m/n/10 a nu-mer-i-cal vec-tor OR an ob-ject of class \T1/zi4/m/n/10 U
Pb\T1/ptm/m/n/10 , \T1/zi4/m/n/10 PbPb\T1/ptm/m/n/10 , \T1/zi4/m/n/10 ArAr\T1/p
tm/m/n/10 , \T1/zi4/m/n/10 UThHe\T1/ptm/m/n/10 , \T1/zi4/m/n/10 fissiontracks\T
1/ptm/m/n/10 ,

Overfull \hbox (9.08253pt too wide) in paragraph at lines 565--569
[]\T1/ptm/m/n/10 the age (in Ma) be-low which the $[]$Pb/$[]$U-age and above wh
ich the $[]$Pb/$[]$Pb-

Overfull \hbox (15.79549pt too wide) in paragraph at lines 591--600
\T1/ptm/m/n/10 mon') $[]$Ar/$[]$Ar, $[]$Pb/$[]$Pb, $[]$Sr/$[]$Sr, $[]$Nd/$[]$Nd
, $[]$Os/$[]$Os or $[]$Hf/$[]$Hf

Underfull \hbox (badness 10000) in paragraph at lines 604--628


Underfull \hbox (badness 10000) in paragraph at lines 604--628

[8] (/usr/local/texlive/2017/texmf-dist/tex/latex/base/utf8.def) [9]
Overfull \hbox (0.24776pt too wide) in paragraph at lines 695--698
[]\T1/zi4/m/n/10 2\T1/ptm/m/n/10 : un-weighted mean. A sec-ond way to deal with
 over- or un-der-dis-persed datasets
[10] (/usr/local/texlive/2017/texmf-dist/tex/latex/base/utf8.def) [11] [12]
Overfull \hbox (3.66866pt too wide) in paragraph at lines 966--971
[]\T1/ptm/m/n/10 a vec-tor with three items (\T1/zi4/m/n/10 equivalence\T1/ptm/
m/n/10 , \T1/zi4/m/n/10 concordance \T1/ptm/m/n/10 and \T1/zi4/m/n/10 combined\
T1/ptm/m/n/10 ) con-tain-ing the MSWD
[13] (/usr/local/texlive/2017/texmf-dist/tex/latex/base/utf8.def)
(/usr/local/texlive/2017/texmf-dist/tex/latex/base/utf8.def) [14] [15]
Overfull \hbox (7.61691pt too wide) in paragraph at lines 1174--1179
\T1/ptm/m/n/10 any overdis-per-sion (MSWD > 1) to un-der-es-ti-mated an-a-lyt-i
-cal un-cer-tain-ties (model

Underfull \hbox (badness 10000) in paragraph at lines 1190--1213

(/usr/local/texlive/2017/texmf-dist/tex/latex/base/utf8.def) [16] [17]
(/usr/local/texlive/2017/texmf-dist/tex/latex/base/utf8.def) [18]
Overfull \hbox (3.81812pt too wide) in paragraph at lines 1402--1405
[]\T1/ptm/m/n/10 Boolean flag in-di-cat-ing whether the data should be shown on
 bi-vari-ate log[He/Th]

Overfull \hbox (0.24776pt too wide) in paragraph at lines 1416--1419
[]\T1/zi4/m/n/10 2\T1/ptm/m/n/10 : un-weighted mean. A sec-ond way to deal with
 over- or un-der-dis-persed datasets
[19]
Underfull \hbox (badness 10000) in paragraph at lines 1467--1515


Underfull \hbox (badness 10000) in paragraph at lines 1467--1515


Underfull \hbox (badness 10000) in paragraph at lines 1467--1515


Underfull \hbox (badness 10000) in paragraph at lines 1467--1515

[20] (/usr/local/texlive/2017/texmf-dist/tex/latex/base/utf8.def) [21] [22]
[23] [24] (/usr/local/texlive/2017/texmf-dist/tex/latex/base/utf8.def) [25]
(/usr/local/texlive/2017/texmf-dist/tex/latex/base/utf8.def) [26pdfTeX warning 
(ext4): destination with the same identifier (name{Rfn.IsoplotR.Rdash.package})
 has been already used, duplicate ignored

\AtBegShi@Output ...ipout \box \AtBeginShipoutBox 
                                                  \fi \fi 
l.2064 ...= NA, to = NA, bw = NA, adaptive = TRUE,
                                                  ]
Underfull \vbox (badness 10000) has occurred while \output is active [27]
[28]
Underfull \hbox (badness 10000) in paragraph at lines 2238--2261


Underfull \hbox (badness 10000) in paragraph at lines 2238--2261

[29] (/usr/local/texlive/2017/texmf-dist/tex/latex/base/utf8.def)
Overfull \hbox (2.37659pt too wide) in paragraph at lines 2341--2343
[]\T1/ptm/m/n/10 Implements the max-i-mum like-li-hood al-go-rithm for Total-Pb
/U isochron re-gres-sion of Lud-wig (1998) 
[30] [31] (/usr/local/texlive/2017/texmf-dist/tex/latex/base/utf8.def)
Overfull \hbox (4.89603pt too wide) in paragraph at lines 2483--2485
[]\T1/ptm/m/n/10 logical flag in-di-cat-ing whether clas-si-cal (\T1/zi4/m/n/10
 TRUE\T1/ptm/m/n/10 ) or non-metric (\T1/zi4/m/n/10 FALSE\T1/ptm/m/n/10 ) MDS s
hould

Overfull \hbox (16.32802pt too wide) in paragraph at lines 2486--2488
[]\T1/ptm/m/n/10 show the MDS con-fig-u-ra-tion (if \T1/zi4/m/n/10 shepard=FALS
E\T1/ptm/m/n/10 ) or Shep-ard plot (if \T1/zi4/m/n/10 shepard=TRUE\T1/ptm/m/n/1
0 )
[32]
Underfull \hbox (badness 10000) in paragraph at lines 2512--2551


Underfull \hbox (badness 10000) in paragraph at lines 2512--2551

[33] (/usr/local/texlive/2017/texmf-dist/tex/latex/base/utf8.def) [34]
Overfull \hbox (15.79549pt too wide) in paragraph at lines 2714--2723
\T1/ptm/m/n/10 mon') $[]$Ar/$[]$Ar, $[]$Pb/$[]$Pb, $[]$Sr/$[]$Sr, $[]$Nd/$[]$Nd
, $[]$Os/$[]$Os or $[]$Hf/$[]$Hf
[35]
Underfull \hbox (badness 10000) in paragraph at lines 2727--2752


Underfull \hbox (badness 10000) in paragraph at lines 2727--2752

(/usr/local/texlive/2017/texmf-dist/tex/latex/base/utf8.def) [36] [37] [38]
Overfull \hbox (15.79549pt too wide) in paragraph at lines 2995--3004
\T1/ptm/m/n/10 mon') $[]$Ar/$[]$Ar, $[]$Pb/$[]$Pb, $[]$Sr/$[]$Sr, $[]$Nd/$[]$Nd
, $[]$Os/$[]$Os or $[]$Hf/$[]$Hf
[39] (/usr/local/texlive/2017/texmf-dist/tex/latex/base/utf8.def)
Overfull \hbox (0.72017pt too wide) in paragraph at lines 3094--3095
[]\T1/zi4/m/n/10 X=7/6, s[X], Y=7/5, s[Y], Z=6/8, s[Z] (, rho[X,Y]) (, rho[Y,Z]
) 

Overfull \hbox (62.38002pt too wide) in paragraph at lines 3097--3098
[]\T1/zi4/m/n/10 7/5, s[7/5], 6/8, s[6/8], 4/8, s[4/8], 7/6, s[7/6], 4/7, s[4/7
], 4/6, s[4/6] 
[40]
Overfull \hbox (12.40047pt too wide) in paragraph at lines 3142--3143
[]\T1/zi4/m/n/10 Sm147/Nd144, s[Sm147/Nd144], Nd143/Nd144, s[Nd143/Nd144] (, rh
o) 

Overfull \hbox (12.40047pt too wide) in paragraph at lines 3154--3155
[]\T1/zi4/m/n/10 Re187/Os188, s[Re187/Os188], Os187/Os188, s[Os187/Os188] (, rh
o) 

Overfull \hbox (12.40047pt too wide) in paragraph at lines 3166--3167
[]\T1/zi4/m/n/10 Lu176/Hf177, s[Lu176/Hf177], Hf176/Hf177, s[Hf176/Hf177] (, rh
o) 

Overfull \hbox (22.39024pt too wide) in paragraph at lines 3178--3179
[]\T1/zi4/m/n/10 X=8/2, s[X], Y=4/2, s[Y], Z=0/2, s[Z], rho[X,Y], rho[X,Z], rho
[Y,Z] 

Overfull \hbox (22.39024pt too wide) in paragraph at lines 3179--3180
[]\T1/zi4/m/n/10 X=2/8, s[X], Y=4/8, s[Y], Z=0/8, s[Z], rho[X,Y], rho[X,Z], rho
[Y,Z] 
[41] [42] (/usr/local/texlive/2017/texmf-dist/tex/latex/base/utf8.def) [43]
(/usr/local/texlive/2017/texmf-dist/tex/latex/base/utf8.def) [44]
Overfull \hbox (35.85094pt too wide) in paragraph at lines 3471--3485
\T1/zi4/m/n/10 "Ar38Ar36"\T1/ptm/m/n/10 , \T1/zi4/m/n/10 "Rb85Rb87"\T1/ptm/m/n/
10 , \T1/zi4/m/n/10 "Sr88Sr86"\T1/ptm/m/n/10 , \T1/zi4/m/n/10 "Sr87Sr86"\T1/ptm
/m/n/10 , \T1/zi4/m/n/10 "Sr84Sr86"\T1/ptm/m/n/10 , \T1/zi4/m/n/10 "Re185Re187"
\T1/ptm/m/n/10 ,

Overfull \hbox (18.71092pt too wide) in paragraph at lines 3471--3485
\T1/zi4/m/n/10 "Os184Os192" "Os186Os192"\T1/ptm/m/n/10 , \T1/zi4/m/n/10 "Os187O
s192"\T1/ptm/m/n/10 , \T1/zi4/m/n/10 "Os188Os192"\T1/ptm/m/n/10 , \T1/zi4/m/n/1
0 "Os189Os192"\T1/ptm/m/n/10 ,

Overfull \hbox (11.33092pt too wide) in paragraph at lines 3471--3485
\T1/zi4/m/n/10 "Os190Os192"\T1/ptm/m/n/10 , \T1/zi4/m/n/10 "U238U235"\T1/ptm/m/
n/10 , \T1/zi4/m/n/10 "Sm144Sm152"\T1/ptm/m/n/10 , \T1/zi4/m/n/10 "Sm147Sm152"\
T1/ptm/m/n/10 , \T1/zi4/m/n/10 "Sm148Sm152"\T1/ptm/m/n/10 ,

Overfull \hbox (21.33092pt too wide) in paragraph at lines 3471--3485
\T1/zi4/m/n/10 "Sm149Sm152"\T1/ptm/m/n/10 , \T1/zi4/m/n/10 "Sm150Sm152"\T1/ptm/
m/n/10 , \T1/zi4/m/n/10 "Sm154Sm152"\T1/ptm/m/n/10 , \T1/zi4/m/n/10 "Nd142Nd144
"\T1/ptm/m/n/10 , \T1/zi4/m/n/10 "Nd143Nd144"\T1/ptm/m/n/10 ,

Overfull \hbox (21.33092pt too wide) in paragraph at lines 3471--3485
\T1/zi4/m/n/10 "Nd145Nd144"\T1/ptm/m/n/10 , \T1/zi4/m/n/10 "Nd146Nd144"\T1/ptm/
m/n/10 , \T1/zi4/m/n/10 "Nd148Nd144"\T1/ptm/m/n/10 , \T1/zi4/m/n/10 "Nd150Nd144
"\T1/ptm/m/n/10 , \T1/zi4/m/n/10 "Lu176Lu175"\T1/ptm/m/n/10 ,

Overfull \hbox (22.16087pt too wide) in paragraph at lines 3471--3485
\T1/zi4/m/n/10 "Hf174Hf177"\T1/ptm/m/n/10 , \T1/zi4/m/n/10 "Hf176Hf177"\T1/ptm/
m/n/10 , \T1/zi4/m/n/10 "Hf178Hf177"\T1/ptm/m/n/10 , \T1/zi4/m/n/10 "Hf179Hf177
"\T1/ptm/m/n/10 , \T1/zi4/m/n/10 "Hf180Hf177"\T1/ptm/m/n/10 )

Overfull \hbox (9.411pt too wide) in paragraph at lines 3486--3495
\T1/zi4/m/n/10 "Rb85"\T1/ptm/m/n/10 , \T1/zi4/m/n/10 "Rb87"\T1/ptm/m/n/10 , \T1
/zi4/m/n/10 "Sr84"\T1/ptm/m/n/10 , \T1/zi4/m/n/10 "Sr86"\T1/ptm/m/n/10 , \T1/zi
4/m/n/10 "Sr87"\T1/ptm/m/n/10 , \T1/zi4/m/n/10 "Sr88"\T1/ptm/m/n/10 , \T1/zi4/m
/n/10 "Re"\T1/ptm/m/n/10 , \T1/zi4/m/n/10 "Re185"\T1/ptm/m/n/10 , \T1/zi4/m/n/1
0 "Re187"\T1/ptm/m/n/10 ,

Overfull \hbox (8.05898pt too wide) in paragraph at lines 3496--3499
[]\T1/ptm/m/n/10 for \TS1/zi4/m/n/10 '\T1/zi4/m/n/10 mindens\TS1/zi4/m/n/10 '\T
1/ptm/m/n/10 : the min-eral of in-ter-est (one of ei-ther \T1/zi4/m/n/10 "apati
te" \T1/ptm/m/n/10 or \T1/zi4/m/n/10 "zircon"\T1/ptm/m/n/10 )

Overfull \hbox (14.49904pt too wide) in paragraph at lines 3504--3508
[]\TS1/zi4/m/n/10 '\T1/zi4/m/n/10 tracklength\TS1/zi4/m/n/10 '\T1/ptm/m/n/10 : 
the min-eral of in-ter-est (one of ei-ther \T1/zi4/m/n/10 "apatite" \T1/ptm/m/n
/10 or \T1/zi4/m/n/10 "zircon"\T1/ptm/m/n/10 )
[45] [46]
Overfull \hbox (1.38768pt too wide) in paragraph at lines 3615--3619
\T1/ptm/m/n/10 tary chronol-ogy and chem-i-cal evo-lu-tion." Geochim-ica et Cos
-mochim-ica Acta 47.1 (1983):
(/usr/local/texlive/2017/texmf-dist/tex/latex/base/utf8.def) [47]
(/usr/local/texlive/2017/texmf-dist/tex/latex/base/utf8.def) [48] [49]
Overfull \hbox (4.32205pt too wide) in paragraph at lines 3872--3876
[]\T1/ptm/m/n/10 the age (in Ma) be-low which the $[]$Pb/$[]$U age and above wh
ich the $[]$Pb/$[]$Pb
[50]
Overfull \hbox (15.79549pt too wide) in paragraph at lines 3900--3909
\T1/ptm/m/n/10 mon') $[]$Ar/$[]$Ar, $[]$Pb/$[]$Pb, $[]$Sr/$[]$Sr, $[]$Nd/$[]$Nd
, $[]$Os/$[]$Os or $[]$Hf/$[]$Hf
[51] (/usr/local/texlive/2017/texmf-dist/tex/latex/base/utf8.def) [52]
No file Rd2.ind.
[53] (./Rd2.aux)

Package rerunfilecheck Warning: File `Rd2.out' has changed.
(rerunfilecheck)                Rerun to get outlines right
(rerunfilecheck)                or use package `bookmark'.

 )
(see the transcript file for additional information){/usr/local/texlive/2017/te
xmf-dist/fonts/enc/dvips/inconsolata/i4-ts1.enc}{/usr/local/texlive/2017/texmf-
dist/fonts/enc/dvips/base/8r.enc}{/usr/local/texlive/2017/texmf-dist/fonts/enc/
dvips/inconsolata/i4-t1-0.enc}</usr/local/texlive/2017/texmf-dist/fonts/type1/p
ublic/inconsolata/Inconsolata-zi4r.pfb></usr/local/texlive/2017/texmf-dist/font
s/type1/public/amsfonts/cm/cmex10.pfb></usr/local/texlive/2017/texmf-dist/fonts
/type1/public/amsfonts/cm/cmmi10.pfb></usr/local/texlive/2017/texmf-dist/fonts/
type1/public/amsfonts/cm/cmmi5.pfb></usr/local/texlive/2017/texmf-dist/fonts/ty
pe1/public/amsfonts/cm/cmmi7.pfb></usr/local/texlive/2017/texmf-dist/fonts/type
1/public/amsfonts/cm/cmr10.pfb></usr/local/texlive/2017/texmf-dist/fonts/type1/
public/amsfonts/cm/cmr5.pfb></usr/local/texlive/2017/texmf-dist/fonts/type1/pub
lic/amsfonts/cm/cmr7.pfb></usr/local/texlive/2017/texmf-dist/fonts/type1/public
/amsfonts/cm/cmsy10.pfb></usr/local/texlive/2017/texmf-dist/fonts/type1/public/
amsfonts/cm/cmsy7.pfb></usr/local/texlive/2017/texmf-dist/fonts/type1/urw/helve
tic/uhvr8a.pfb></usr/local/texlive/2017/texmf-dist/fonts/type1/urw/times/utmb8a
.pfb></usr/local/texlive/2017/texmf-dist/fonts/type1/urw/times/utmr8a.pfb></usr
/local/texlive/2017/texmf-dist/fonts/type1/urw/times/utmr8a.pfb></usr/local/tex
live/2017/texmf-dist/fonts/type1/urw/times/utmri8a.pfb>
Output written on Rd2.pdf (53 pages, 316466 bytes).
Transcript written on Rd2.log.
This is makeindex, version 2.15 [TeX Live 2017] (kpathsea + Thai support).
Scanning input file Rd2.idx....done (78 entries accepted, 0 rejected).
Sorting entries....done (577 comparisons).
Generating output file Rd2.ind....done (101 lines written, 0 warnings).
Output written in Rd2.ind.
Transcript written in Rd2.ilg.
This is pdfTeX, Version 3.14159265-2.6-1.40.18 (TeX Live 2017) (preloaded format=pdflatex)
 restricted \write18 enabled.
entering extended mode
LaTeX2e <2017-04-15>
Babel <3.10> and hyphenation patterns for 84 language(s) loaded.
(./Rd2.tex
(/usr/local/texlive/2017/texmf-dist/tex/latex/base/book.cls
Document Class: book 2014/09/29 v1.4h Standard LaTeX document class
(/usr/local/texlive/2017/texmf-dist/tex/latex/base/bk10.clo))
(/Library/Frameworks/R.framework/Resources/share/texmf/tex/latex/Rd.sty
(/usr/local/texlive/2017/texmf-dist/tex/latex/base/ifthen.sty)
(/usr/local/texlive/2017/texmf-dist/tex/latex/tools/longtable.sty)
(/usr/local/texlive/2017/texmf-dist/tex/latex/tools/bm.sty)
(/usr/local/texlive/2017/texmf-dist/tex/latex/base/alltt.sty)
(/usr/local/texlive/2017/texmf-dist/tex/latex/tools/verbatim.sty)
(/usr/local/texlive/2017/texmf-dist/tex/latex/url/url.sty)
(/usr/local/texlive/2017/texmf-dist/tex/latex/base/textcomp.sty
(/usr/local/texlive/2017/texmf-dist/tex/latex/base/ts1enc.def))
(/usr/local/texlive/2017/texmf-dist/tex/latex/base/fontenc.sty
(/usr/local/texlive/2017/texmf-dist/tex/latex/base/t1enc.def))
(/usr/local/texlive/2017/texmf-dist/tex/latex/psnfss/times.sty)
(/usr/local/texlive/2017/texmf-dist/tex/latex/inconsolata/zi4.sty
`inconsolata-zi4' v1.112, 2017/01/04 Text macros for Inconsolata (msharpe)
(/usr/local/texlive/2017/texmf-dist/tex/latex/xkeyval/xkeyval.sty
(/usr/local/texlive/2017/texmf-dist/tex/generic/xkeyval/xkeyval.tex
(/usr/local/texlive/2017/texmf-dist/tex/generic/xkeyval/xkvutils.tex
(/usr/local/texlive/2017/texmf-dist/tex/generic/xkeyval/keyval.tex)))))
(/usr/local/texlive/2017/texmf-dist/tex/latex/graphics/color.sty
(/usr/local/texlive/2017/texmf-dist/tex/latex/graphics-cfg/color.cfg)
(/usr/local/texlive/2017/texmf-dist/tex/latex/graphics-def/pdftex.def
(/usr/local/texlive/2017/texmf-dist/tex/generic/oberdiek/infwarerr.sty)
(/usr/local/texlive/2017/texmf-dist/tex/generic/oberdiek/ltxcmds.sty)))
(/usr/local/texlive/2017/texmf-dist/tex/latex/hyperref/hyperref.sty
(/usr/local/texlive/2017/texmf-dist/tex/generic/oberdiek/hobsub-hyperref.sty
(/usr/local/texlive/2017/texmf-dist/tex/generic/oberdiek/hobsub-generic.sty))
(/usr/local/texlive/2017/texmf-dist/tex/generic/ifxetex/ifxetex.sty)
(/usr/local/texlive/2017/texmf-dist/tex/latex/oberdiek/auxhook.sty)
(/usr/local/texlive/2017/texmf-dist/tex/latex/oberdiek/kvoptions.sty)
(/usr/local/texlive/2017/texmf-dist/tex/latex/hyperref/pd1enc.def)
(/usr/local/texlive/2017/texmf-dist/tex/latex/latexconfig/hyperref.cfg))

Package hyperref Message: Driver (autodetected): hpdftex.

(/usr/local/texlive/2017/texmf-dist/tex/latex/hyperref/hpdftex.def
(/usr/local/texlive/2017/texmf-dist/tex/latex/oberdiek/rerunfilecheck.sty))

Package hyperref Warning: Option `hyperindex' has already been used,
(hyperref)                setting the option has no effect on input line 366.


Package hyperref Warning: Option `pagebackref' has already been used,
(hyperref)                setting the option has no effect on input line 366.

) (/usr/local/texlive/2017/texmf-dist/tex/latex/base/makeidx.sty)
(/usr/local/texlive/2017/texmf-dist/tex/latex/base/inputenc.sty
(/usr/local/texlive/2017/texmf-dist/tex/latex/base/utf8.def
(/usr/local/texlive/2017/texmf-dist/tex/latex/base/t1enc.dfu)
(/usr/local/texlive/2017/texmf-dist/tex/latex/base/ot1enc.dfu)
(/usr/local/texlive/2017/texmf-dist/tex/latex/base/omsenc.dfu)
(/usr/local/texlive/2017/texmf-dist/tex/latex/base/ts1enc.dfu))
(/usr/local/texlive/2017/texmf-dist/tex/latex/base/latin1.def))
Writing index file Rd2.idx
(./Rd2.aux) (/usr/local/texlive/2017/texmf-dist/tex/latex/base/ts1cmr.fd)
(/usr/local/texlive/2017/texmf-dist/tex/latex/psnfss/t1ptm.fd)
(/usr/local/texlive/2017/texmf-dist/tex/context/base/mkii/supp-pdf.mkii
[Loading MPS to PDF converter (version 2006.09.02).]
) (/usr/local/texlive/2017/texmf-dist/tex/latex/hyperref/nameref.sty
(/usr/local/texlive/2017/texmf-dist/tex/generic/oberdiek/gettitlestring.sty))
(./Rd2.out) (./Rd2.out)
(/usr/local/texlive/2017/texmf-dist/tex/latex/psnfss/ts1ptm.fd)
(/usr/local/texlive/2017/texmf-dist/tex/latex/inconsolata/t1zi4.fd)
(/usr/local/texlive/2017/texmf-dist/tex/latex/psnfss/t1phv.fd) (./Rd2.toc
[1{/usr/local/texlive/2017/texmf-var/fonts/map/pdftex/updmap/pdftex.map}])
(/usr/local/texlive/2017/texmf-dist/tex/latex/base/utf8.def)
(/usr/local/texlive/2017/texmf-dist/tex/latex/inconsolata/ts1zi4.fd) [2]
Overfull \hbox (42.20897pt too wide) in paragraph at lines 106--109
\T1/ptm/m/n/10 the spon-ta-neous and in-duced track den-si-ties \T1/zi4/m/n/10 
Ns \T1/ptm/m/n/10 and \T1/zi4/m/n/10 Ni \T1/ptm/m/n/10 (if \T1/zi4/m/n/10 metho
d=\TS1/zi4/m/n/10 '\T1/zi4/m/n/10 fissiontracks\TS1/zi4/m/n/10 '\T1/ptm/m/n/10 
), 

Overfull \hbox (29.01964pt too wide) in paragraph at lines 120--122
[]\T1/ptm/m/n/10 a six el-e-ment vec-tor con-tain-ing \T1/zi4/m/n/10 Rb\T1/ptm/
m/n/10 , \T1/zi4/m/n/10 s[Rb]\T1/ptm/m/n/10 , \T1/zi4/m/n/10 Sr\T1/ptm/m/n/10 ,
 \T1/zi4/m/n/10 s[Sr]\T1/ptm/m/n/10 , \T1/zi4/m/n/10 Sr87Sr86\T1/ptm/m/n/10 , a
nd \T1/zi4/m/n/10 s[Sr87Sr86] 

Overfull \hbox (9.80981pt too wide) in paragraph at lines 132--134
[]\T1/ptm/m/n/10 a five el-e-ment vec-tor con-tain-ing \T1/zi4/m/n/10 0/8\T1/pt
m/m/n/10 , \T1/zi4/m/n/10 s[0/8]\T1/ptm/m/n/10 , \T1/zi4/m/n/10 4/8\T1/ptm/m/n/
10 , \T1/zi4/m/n/10 s[4/8] \T1/ptm/m/n/10 and \T1/zi4/m/n/10 cov[0/8,4/8] 

Overfull \hbox (3.87054pt too wide) in paragraph at lines 152--156
[]\T1/ptm/m/n/10 one of ei-ther \TS1/zi4/m/n/10 '\T1/zi4/m/n/10 U238-Pb206\TS1/
zi4/m/n/10 '\T1/ptm/m/n/10 , \TS1/zi4/m/n/10 '\T1/zi4/m/n/10 U235-Pb207\TS1/zi4
/m/n/10 '\T1/ptm/m/n/10 , \TS1/zi4/m/n/10 '\T1/zi4/m/n/10 Pb207-Pb206\TS1/zi4/m
/n/10 '\T1/ptm/m/n/10 , \TS1/zi4/m/n/10 '\T1/zi4/m/n/10 Ar-Ar\TS1/zi4/m/n/10 '\
T1/ptm/m/n/10 , \TS1/zi4/m/n/10 '\T1/zi4/m/n/10 Th-U\TS1/zi4/m/n/10 '\T1/ptm/m/
n/10 ,
[3]
Overfull \hbox (1.93826pt too wide) in paragraph at lines 184--187
\T1/ptm/m/n/10 that in-cludes ac-counts for any overdis-per-sion by adding a ge
-o-log-i-cal (co)variance

Overfull \hbox (15.79549pt too wide) in paragraph at lines 216--225
\T1/ptm/m/n/10 mon') $[]$Ar/$[]$Ar, $[]$Pb/$[]$Pb, $[]$Sr/$[]$Sr, $[]$Nd/$[]$Nd
, $[]$Os/$[]$Os or $[]$Hf/$[]$Hf
[4] (/usr/local/texlive/2017/texmf-dist/tex/latex/base/utf8.def)
Overfull \hbox (13.88815pt too wide) in paragraph at lines 341--347
[]\T1/ptm/m/n/10 logical flag in-di-cat-ing whether a plateau age should be cal
-cu-lated. If \T1/zi4/m/n/10 plateau=TRUE\T1/ptm/m/n/10 ,
[5] [6] (/usr/local/texlive/2017/texmf-dist/tex/latex/base/utf8.def) [7]
Overfull \hbox (7.6388pt too wide) in paragraph at lines 534--538
[]\T1/ptm/m/n/10 a nu-mer-i-cal vec-tor OR an ob-ject of class \T1/zi4/m/n/10 U
Pb\T1/ptm/m/n/10 , \T1/zi4/m/n/10 PbPb\T1/ptm/m/n/10 , \T1/zi4/m/n/10 ArAr\T1/p
tm/m/n/10 , \T1/zi4/m/n/10 UThHe\T1/ptm/m/n/10 , \T1/zi4/m/n/10 fissiontracks\T
1/ptm/m/n/10 ,

Overfull \hbox (9.08253pt too wide) in paragraph at lines 565--569
[]\T1/ptm/m/n/10 the age (in Ma) be-low which the $[]$Pb/$[]$U-age and above wh
ich the $[]$Pb/$[]$Pb-

Overfull \hbox (15.79549pt too wide) in paragraph at lines 591--600
\T1/ptm/m/n/10 mon') $[]$Ar/$[]$Ar, $[]$Pb/$[]$Pb, $[]$Sr/$[]$Sr, $[]$Nd/$[]$Nd
, $[]$Os/$[]$Os or $[]$Hf/$[]$Hf
[8]
Underfull \hbox (badness 10000) in paragraph at lines 604--628


Underfull \hbox (badness 10000) in paragraph at lines 604--628

(/usr/local/texlive/2017/texmf-dist/tex/latex/base/utf8.def) [9]
Overfull \hbox (0.24776pt too wide) in paragraph at lines 695--698
[]\T1/zi4/m/n/10 2\T1/ptm/m/n/10 : un-weighted mean. A sec-ond way to deal with
 over- or un-der-dis-persed datasets
[10] [11] (/usr/local/texlive/2017/texmf-dist/tex/latex/base/utf8.def) [12]
Overfull \hbox (3.66866pt too wide) in paragraph at lines 966--971
[]\T1/ptm/m/n/10 a vec-tor with three items (\T1/zi4/m/n/10 equivalence\T1/ptm/
m/n/10 , \T1/zi4/m/n/10 concordance \T1/ptm/m/n/10 and \T1/zi4/m/n/10 combined\
T1/ptm/m/n/10 ) con-tain-ing the MSWD
[13] (/usr/local/texlive/2017/texmf-dist/tex/latex/base/utf8.def) [14]
(/usr/local/texlive/2017/texmf-dist/tex/latex/base/utf8.def) [15]
Overfull \hbox (7.61691pt too wide) in paragraph at lines 1174--1179
\T1/ptm/m/n/10 any overdis-per-sion (MSWD > 1) to un-der-es-ti-mated an-a-lyt-i
-cal un-cer-tain-ties (model

Underfull \hbox (badness 10000) in paragraph at lines 1190--1213

(/usr/local/texlive/2017/texmf-dist/tex/latex/base/utf8.def) [16] [17]
(/usr/local/texlive/2017/texmf-dist/tex/latex/base/utf8.def) [18]
Overfull \hbox (3.81812pt too wide) in paragraph at lines 1402--1405
[]\T1/ptm/m/n/10 Boolean flag in-di-cat-ing whether the data should be shown on
 bi-vari-ate log[He/Th]

Overfull \hbox (0.24776pt too wide) in paragraph at lines 1416--1419
[]\T1/zi4/m/n/10 2\T1/ptm/m/n/10 : un-weighted mean. A sec-ond way to deal with
 over- or un-der-dis-persed datasets
[19]
Underfull \hbox (badness 10000) in paragraph at lines 1467--1515


Underfull \hbox (badness 10000) in paragraph at lines 1467--1515


Underfull \hbox (badness 10000) in paragraph at lines 1467--1515


Underfull \hbox (badness 10000) in paragraph at lines 1467--1515

[20] (/usr/local/texlive/2017/texmf-dist/tex/latex/base/utf8.def) [21] [22]
[23] [24] (/usr/local/texlive/2017/texmf-dist/tex/latex/base/utf8.def) [25]
(/usr/local/texlive/2017/texmf-dist/tex/latex/base/utf8.def) [26pdfTeX warning 
(ext4): destination with the same identifier (name{Rfn.IsoplotR.Rdash.package})
 has been already used, duplicate ignored

\AtBegShi@Output ...ipout \box \AtBeginShipoutBox 
                                                  \fi \fi 
l.2064 ...= NA, to = NA, bw = NA, adaptive = TRUE,
                                                  ]
Underfull \vbox (badness 10000) has occurred while \output is active [27]
[28]
Underfull \hbox (badness 10000) in paragraph at lines 2238--2261


Underfull \hbox (badness 10000) in paragraph at lines 2238--2261

[29] (/usr/local/texlive/2017/texmf-dist/tex/latex/base/utf8.def)
Overfull \hbox (2.37659pt too wide) in paragraph at lines 2341--2343
[]\T1/ptm/m/n/10 Implements the max-i-mum like-li-hood al-go-rithm for Total-Pb
/U isochron re-gres-sion of Lud-wig (1998) 
[30] [31] (/usr/local/texlive/2017/texmf-dist/tex/latex/base/utf8.def)
Overfull \hbox (4.89603pt too wide) in paragraph at lines 2483--2485
[]\T1/ptm/m/n/10 logical flag in-di-cat-ing whether clas-si-cal (\T1/zi4/m/n/10
 TRUE\T1/ptm/m/n/10 ) or non-metric (\T1/zi4/m/n/10 FALSE\T1/ptm/m/n/10 ) MDS s
hould

Overfull \hbox (16.32802pt too wide) in paragraph at lines 2486--2488
[]\T1/ptm/m/n/10 show the MDS con-fig-u-ra-tion (if \T1/zi4/m/n/10 shepard=FALS
E\T1/ptm/m/n/10 ) or Shep-ard plot (if \T1/zi4/m/n/10 shepard=TRUE\T1/ptm/m/n/1
0 )
[32]
Underfull \hbox (badness 10000) in paragraph at lines 2512--2551


Underfull \hbox (badness 10000) in paragraph at lines 2512--2551

[33] (/usr/local/texlive/2017/texmf-dist/tex/latex/base/utf8.def) [34]
Overfull \hbox (15.79549pt too wide) in paragraph at lines 2714--2723
\T1/ptm/m/n/10 mon') $[]$Ar/$[]$Ar, $[]$Pb/$[]$Pb, $[]$Sr/$[]$Sr, $[]$Nd/$[]$Nd
, $[]$Os/$[]$Os or $[]$Hf/$[]$Hf
[35]
Underfull \hbox (badness 10000) in paragraph at lines 2727--2752


Underfull \hbox (badness 10000) in paragraph at lines 2727--2752

(/usr/local/texlive/2017/texmf-dist/tex/latex/base/utf8.def) [36] [37] [38]
Overfull \hbox (15.79549pt too wide) in paragraph at lines 2995--3004
\T1/ptm/m/n/10 mon') $[]$Ar/$[]$Ar, $[]$Pb/$[]$Pb, $[]$Sr/$[]$Sr, $[]$Nd/$[]$Nd
, $[]$Os/$[]$Os or $[]$Hf/$[]$Hf
[39] (/usr/local/texlive/2017/texmf-dist/tex/latex/base/utf8.def)
Overfull \hbox (0.72017pt too wide) in paragraph at lines 3094--3095
[]\T1/zi4/m/n/10 X=7/6, s[X], Y=7/5, s[Y], Z=6/8, s[Z] (, rho[X,Y]) (, rho[Y,Z]
) 

Overfull \hbox (62.38002pt too wide) in paragraph at lines 3097--3098
[]\T1/zi4/m/n/10 7/5, s[7/5], 6/8, s[6/8], 4/8, s[4/8], 7/6, s[7/6], 4/7, s[4/7
], 4/6, s[4/6] 
[40]
Overfull \hbox (12.40047pt too wide) in paragraph at lines 3142--3143
[]\T1/zi4/m/n/10 Sm147/Nd144, s[Sm147/Nd144], Nd143/Nd144, s[Nd143/Nd144] (, rh
o) 

Overfull \hbox (12.40047pt too wide) in paragraph at lines 3154--3155
[]\T1/zi4/m/n/10 Re187/Os188, s[Re187/Os188], Os187/Os188, s[Os187/Os188] (, rh
o) 

Overfull \hbox (12.40047pt too wide) in paragraph at lines 3166--3167
[]\T1/zi4/m/n/10 Lu176/Hf177, s[Lu176/Hf177], Hf176/Hf177, s[Hf176/Hf177] (, rh
o) 

Overfull \hbox (22.39024pt too wide) in paragraph at lines 3178--3179
[]\T1/zi4/m/n/10 X=8/2, s[X], Y=4/2, s[Y], Z=0/2, s[Z], rho[X,Y], rho[X,Z], rho
[Y,Z] 

Overfull \hbox (22.39024pt too wide) in paragraph at lines 3179--3180
[]\T1/zi4/m/n/10 X=2/8, s[X], Y=4/8, s[Y], Z=0/8, s[Z], rho[X,Y], rho[X,Z], rho
[Y,Z] 
[41] [42] (/usr/local/texlive/2017/texmf-dist/tex/latex/base/utf8.def) [43]
(/usr/local/texlive/2017/texmf-dist/tex/latex/base/utf8.def) [44]
Overfull \hbox (35.85094pt too wide) in paragraph at lines 3471--3485
\T1/zi4/m/n/10 "Ar38Ar36"\T1/ptm/m/n/10 , \T1/zi4/m/n/10 "Rb85Rb87"\T1/ptm/m/n/
10 , \T1/zi4/m/n/10 "Sr88Sr86"\T1/ptm/m/n/10 , \T1/zi4/m/n/10 "Sr87Sr86"\T1/ptm
/m/n/10 , \T1/zi4/m/n/10 "Sr84Sr86"\T1/ptm/m/n/10 , \T1/zi4/m/n/10 "Re185Re187"
\T1/ptm/m/n/10 ,

Overfull \hbox (18.71092pt too wide) in paragraph at lines 3471--3485
\T1/zi4/m/n/10 "Os184Os192" "Os186Os192"\T1/ptm/m/n/10 , \T1/zi4/m/n/10 "Os187O
s192"\T1/ptm/m/n/10 , \T1/zi4/m/n/10 "Os188Os192"\T1/ptm/m/n/10 , \T1/zi4/m/n/1
0 "Os189Os192"\T1/ptm/m/n/10 ,

Overfull \hbox (11.33092pt too wide) in paragraph at lines 3471--3485
\T1/zi4/m/n/10 "Os190Os192"\T1/ptm/m/n/10 , \T1/zi4/m/n/10 "U238U235"\T1/ptm/m/
n/10 , \T1/zi4/m/n/10 "Sm144Sm152"\T1/ptm/m/n/10 , \T1/zi4/m/n/10 "Sm147Sm152"\
T1/ptm/m/n/10 , \T1/zi4/m/n/10 "Sm148Sm152"\T1/ptm/m/n/10 ,

Overfull \hbox (21.33092pt too wide) in paragraph at lines 3471--3485
\T1/zi4/m/n/10 "Sm149Sm152"\T1/ptm/m/n/10 , \T1/zi4/m/n/10 "Sm150Sm152"\T1/ptm/
m/n/10 , \T1/zi4/m/n/10 "Sm154Sm152"\T1/ptm/m/n/10 , \T1/zi4/m/n/10 "Nd142Nd144
"\T1/ptm/m/n/10 , \T1/zi4/m/n/10 "Nd143Nd144"\T1/ptm/m/n/10 ,

Overfull \hbox (21.33092pt too wide) in paragraph at lines 3471--3485
\T1/zi4/m/n/10 "Nd145Nd144"\T1/ptm/m/n/10 , \T1/zi4/m/n/10 "Nd146Nd144"\T1/ptm/
m/n/10 , \T1/zi4/m/n/10 "Nd148Nd144"\T1/ptm/m/n/10 , \T1/zi4/m/n/10 "Nd150Nd144
"\T1/ptm/m/n/10 , \T1/zi4/m/n/10 "Lu176Lu175"\T1/ptm/m/n/10 ,

Overfull \hbox (22.16087pt too wide) in paragraph at lines 3471--3485
\T1/zi4/m/n/10 "Hf174Hf177"\T1/ptm/m/n/10 , \T1/zi4/m/n/10 "Hf176Hf177"\T1/ptm/
m/n/10 , \T1/zi4/m/n/10 "Hf178Hf177"\T1/ptm/m/n/10 , \T1/zi4/m/n/10 "Hf179Hf177
"\T1/ptm/m/n/10 , \T1/zi4/m/n/10 "Hf180Hf177"\T1/ptm/m/n/10 )

Overfull \hbox (9.411pt too wide) in paragraph at lines 3486--3495
\T1/zi4/m/n/10 "Rb85"\T1/ptm/m/n/10 , \T1/zi4/m/n/10 "Rb87"\T1/ptm/m/n/10 , \T1
/zi4/m/n/10 "Sr84"\T1/ptm/m/n/10 , \T1/zi4/m/n/10 "Sr86"\T1/ptm/m/n/10 , \T1/zi
4/m/n/10 "Sr87"\T1/ptm/m/n/10 , \T1/zi4/m/n/10 "Sr88"\T1/ptm/m/n/10 , \T1/zi4/m
/n/10 "Re"\T1/ptm/m/n/10 , \T1/zi4/m/n/10 "Re185"\T1/ptm/m/n/10 , \T1/zi4/m/n/1
0 "Re187"\T1/ptm/m/n/10 ,

Overfull \hbox (8.05898pt too wide) in paragraph at lines 3496--3499
[]\T1/ptm/m/n/10 for \TS1/zi4/m/n/10 '\T1/zi4/m/n/10 mindens\TS1/zi4/m/n/10 '\T
1/ptm/m/n/10 : the min-eral of in-ter-est (one of ei-ther \T1/zi4/m/n/10 "apati
te" \T1/ptm/m/n/10 or \T1/zi4/m/n/10 "zircon"\T1/ptm/m/n/10 )

Overfull \hbox (14.49904pt too wide) in paragraph at lines 3504--3508
[]\TS1/zi4/m/n/10 '\T1/zi4/m/n/10 tracklength\TS1/zi4/m/n/10 '\T1/ptm/m/n/10 : 
the min-eral of in-ter-est (one of ei-ther \T1/zi4/m/n/10 "apatite" \T1/ptm/m/n
/10 or \T1/zi4/m/n/10 "zircon"\T1/ptm/m/n/10 )
[45] [46]
Overfull \hbox (1.38768pt too wide) in paragraph at lines 3615--3619
\T1/ptm/m/n/10 tary chronol-ogy and chem-i-cal evo-lu-tion." Geochim-ica et Cos
-mochim-ica Acta 47.1 (1983):
(/usr/local/texlive/2017/texmf-dist/tex/latex/base/utf8.def) [47]
(/usr/local/texlive/2017/texmf-dist/tex/latex/base/utf8.def) [48] [49]
Overfull \hbox (4.32205pt too wide) in paragraph at lines 3872--3876
[]\T1/ptm/m/n/10 the age (in Ma) be-low which the $[]$Pb/$[]$U age and above wh
ich the $[]$Pb/$[]$Pb
[50]
Overfull \hbox (15.79549pt too wide) in paragraph at lines 3900--3909
\T1/ptm/m/n/10 mon') $[]$Ar/$[]$Ar, $[]$Pb/$[]$Pb, $[]$Sr/$[]$Sr, $[]$Nd/$[]$Nd
, $[]$Os/$[]$Os or $[]$Hf/$[]$Hf
[51] (/usr/local/texlive/2017/texmf-dist/tex/latex/base/utf8.def) [52]
(./Rd2.ind [53]

LaTeX Font Warning: Font shape `T1/zi4/m/it' undefined
(Font)              using `T1/zi4/m/n' instead on input line 3.

[54]) (./Rd2.aux)

Package rerunfilecheck Warning: File `Rd2.out' has changed.
(rerunfilecheck)                Rerun to get outlines right
(rerunfilecheck)                or use package `bookmark'.


LaTeX Font Warning: Some font shapes were not available, defaults substituted.

 )
(see the transcript file for additional information){/usr/local/texlive/2017/te
xmf-dist/fonts/enc/dvips/inconsolata/i4-ts1.enc}{/usr/local/texlive/2017/texmf-
dist/fonts/enc/dvips/base/8r.enc}{/usr/local/texlive/2017/texmf-dist/fonts/enc/
dvips/inconsolata/i4-t1-0.enc}</usr/local/texlive/2017/texmf-dist/fonts/type1/p
ublic/inconsolata/Inconsolata-zi4r.pfb></usr/local/texlive/2017/texmf-dist/font
s/type1/public/amsfonts/cm/cmex10.pfb></usr/local/texlive/2017/texmf-dist/fonts
/type1/public/amsfonts/cm/cmmi10.pfb></usr/local/texlive/2017/texmf-dist/fonts/
type1/public/amsfonts/cm/cmmi5.pfb></usr/local/texlive/2017/texmf-dist/fonts/ty
pe1/public/amsfonts/cm/cmmi7.pfb></usr/local/texlive/2017/texmf-dist/fonts/type
1/public/amsfonts/cm/cmr10.pfb></usr/local/texlive/2017/texmf-dist/fonts/type1/
public/amsfonts/cm/cmr5.pfb></usr/local/texlive/2017/texmf-dist/fonts/type1/pub
lic/amsfonts/cm/cmr7.pfb></usr/local/texlive/2017/texmf-dist/fonts/type1/public
/amsfonts/cm/cmsy10.pfb></usr/local/texlive/2017/texmf-dist/fonts/type1/public/
amsfonts/cm/cmsy7.pfb></usr/local/texlive/2017/texmf-dist/fonts/type1/urw/helve
tic/uhvr8a.pfb></usr/local/texlive/2017/texmf-dist/fonts/type1/urw/times/utmb8a
.pfb></usr/local/texlive/2017/texmf-dist/fonts/type1/urw/times/utmr8a.pfb></usr
/local/texlive/2017/texmf-dist/fonts/type1/urw/times/utmr8a.pfb></usr/local/tex
live/2017/texmf-dist/fonts/type1/urw/times/utmri8a.pfb>
Output written on Rd2.pdf (54 pages, 322898 bytes).
Transcript written on Rd2.log.
This is makeindex, version 2.15 [TeX Live 2017] (kpathsea + Thai support).
Scanning input file Rd2.idx....done (78 entries accepted, 0 rejected).
Sorting entries....done (562 comparisons).
Generating output file Rd2.ind....done (101 lines written, 0 warnings).
Output written in Rd2.ind.
Transcript written in Rd2.ilg.
This is pdfTeX, Version 3.14159265-2.6-1.40.18 (TeX Live 2017) (preloaded format=pdflatex)
 restricted \write18 enabled.
entering extended mode
LaTeX2e <2017-04-15>
Babel <3.10> and hyphenation patterns for 84 language(s) loaded.
(./Rd2.tex
(/usr/local/texlive/2017/texmf-dist/tex/latex/base/book.cls
Document Class: book 2014/09/29 v1.4h Standard LaTeX document class
(/usr/local/texlive/2017/texmf-dist/tex/latex/base/bk10.clo))
(/Library/Frameworks/R.framework/Resources/share/texmf/tex/latex/Rd.sty
(/usr/local/texlive/2017/texmf-dist/tex/latex/base/ifthen.sty)
(/usr/local/texlive/2017/texmf-dist/tex/latex/tools/longtable.sty)
(/usr/local/texlive/2017/texmf-dist/tex/latex/tools/bm.sty)
(/usr/local/texlive/2017/texmf-dist/tex/latex/base/alltt.sty)
(/usr/local/texlive/2017/texmf-dist/tex/latex/tools/verbatim.sty)
(/usr/local/texlive/2017/texmf-dist/tex/latex/url/url.sty)
(/usr/local/texlive/2017/texmf-dist/tex/latex/base/textcomp.sty
(/usr/local/texlive/2017/texmf-dist/tex/latex/base/ts1enc.def))
(/usr/local/texlive/2017/texmf-dist/tex/latex/base/fontenc.sty
(/usr/local/texlive/2017/texmf-dist/tex/latex/base/t1enc.def))
(/usr/local/texlive/2017/texmf-dist/tex/latex/psnfss/times.sty)
(/usr/local/texlive/2017/texmf-dist/tex/latex/inconsolata/zi4.sty
`inconsolata-zi4' v1.112, 2017/01/04 Text macros for Inconsolata (msharpe)
(/usr/local/texlive/2017/texmf-dist/tex/latex/xkeyval/xkeyval.sty
(/usr/local/texlive/2017/texmf-dist/tex/generic/xkeyval/xkeyval.tex
(/usr/local/texlive/2017/texmf-dist/tex/generic/xkeyval/xkvutils.tex
(/usr/local/texlive/2017/texmf-dist/tex/generic/xkeyval/keyval.tex)))))
(/usr/local/texlive/2017/texmf-dist/tex/latex/graphics/color.sty
(/usr/local/texlive/2017/texmf-dist/tex/latex/graphics-cfg/color.cfg)
(/usr/local/texlive/2017/texmf-dist/tex/latex/graphics-def/pdftex.def
(/usr/local/texlive/2017/texmf-dist/tex/generic/oberdiek/infwarerr.sty)
(/usr/local/texlive/2017/texmf-dist/tex/generic/oberdiek/ltxcmds.sty)))
(/usr/local/texlive/2017/texmf-dist/tex/latex/hyperref/hyperref.sty
(/usr/local/texlive/2017/texmf-dist/tex/generic/oberdiek/hobsub-hyperref.sty
(/usr/local/texlive/2017/texmf-dist/tex/generic/oberdiek/hobsub-generic.sty))
(/usr/local/texlive/2017/texmf-dist/tex/generic/ifxetex/ifxetex.sty)
(/usr/local/texlive/2017/texmf-dist/tex/latex/oberdiek/auxhook.sty)
(/usr/local/texlive/2017/texmf-dist/tex/latex/oberdiek/kvoptions.sty)
(/usr/local/texlive/2017/texmf-dist/tex/latex/hyperref/pd1enc.def)
(/usr/local/texlive/2017/texmf-dist/tex/latex/latexconfig/hyperref.cfg))

Package hyperref Message: Driver (autodetected): hpdftex.

(/usr/local/texlive/2017/texmf-dist/tex/latex/hyperref/hpdftex.def
(/usr/local/texlive/2017/texmf-dist/tex/latex/oberdiek/rerunfilecheck.sty))

Package hyperref Warning: Option `hyperindex' has already been used,
(hyperref)                setting the option has no effect on input line 366.


Package hyperref Warning: Option `pagebackref' has already been used,
(hyperref)                setting the option has no effect on input line 366.

) (/usr/local/texlive/2017/texmf-dist/tex/latex/base/makeidx.sty)
(/usr/local/texlive/2017/texmf-dist/tex/latex/base/inputenc.sty
(/usr/local/texlive/2017/texmf-dist/tex/latex/base/utf8.def
(/usr/local/texlive/2017/texmf-dist/tex/latex/base/t1enc.dfu)
(/usr/local/texlive/2017/texmf-dist/tex/latex/base/ot1enc.dfu)
(/usr/local/texlive/2017/texmf-dist/tex/latex/base/omsenc.dfu)
(/usr/local/texlive/2017/texmf-dist/tex/latex/base/ts1enc.dfu))
(/usr/local/texlive/2017/texmf-dist/tex/latex/base/latin1.def))
Writing index file Rd2.idx
(./Rd2.aux) (/usr/local/texlive/2017/texmf-dist/tex/latex/base/ts1cmr.fd)
(/usr/local/texlive/2017/texmf-dist/tex/latex/psnfss/t1ptm.fd)
(/usr/local/texlive/2017/texmf-dist/tex/context/base/mkii/supp-pdf.mkii
[Loading MPS to PDF converter (version 2006.09.02).]
) (/usr/local/texlive/2017/texmf-dist/tex/latex/hyperref/nameref.sty
(/usr/local/texlive/2017/texmf-dist/tex/generic/oberdiek/gettitlestring.sty))
(./Rd2.out) (./Rd2.out)
(/usr/local/texlive/2017/texmf-dist/tex/latex/psnfss/ts1ptm.fd)
(/usr/local/texlive/2017/texmf-dist/tex/latex/inconsolata/t1zi4.fd)
(/usr/local/texlive/2017/texmf-dist/tex/latex/psnfss/t1phv.fd) (./Rd2.toc
[1{/usr/local/texlive/2017/texmf-var/fonts/map/pdftex/updmap/pdftex.map}])
(/usr/local/texlive/2017/texmf-dist/tex/latex/base/utf8.def)
(/usr/local/texlive/2017/texmf-dist/tex/latex/inconsolata/ts1zi4.fd) [2]
Overfull \hbox (42.20897pt too wide) in paragraph at lines 106--109
\T1/ptm/m/n/10 the spon-ta-neous and in-duced track den-si-ties \T1/zi4/m/n/10 
Ns \T1/ptm/m/n/10 and \T1/zi4/m/n/10 Ni \T1/ptm/m/n/10 (if \T1/zi4/m/n/10 metho
d=\TS1/zi4/m/n/10 '\T1/zi4/m/n/10 fissiontracks\TS1/zi4/m/n/10 '\T1/ptm/m/n/10 
), 

Overfull \hbox (29.01964pt too wide) in paragraph at lines 120--122
[]\T1/ptm/m/n/10 a six el-e-ment vec-tor con-tain-ing \T1/zi4/m/n/10 Rb\T1/ptm/
m/n/10 , \T1/zi4/m/n/10 s[Rb]\T1/ptm/m/n/10 , \T1/zi4/m/n/10 Sr\T1/ptm/m/n/10 ,
 \T1/zi4/m/n/10 s[Sr]\T1/ptm/m/n/10 , \T1/zi4/m/n/10 Sr87Sr86\T1/ptm/m/n/10 , a
nd \T1/zi4/m/n/10 s[Sr87Sr86] 

Overfull \hbox (9.80981pt too wide) in paragraph at lines 132--134
[]\T1/ptm/m/n/10 a five el-e-ment vec-tor con-tain-ing \T1/zi4/m/n/10 0/8\T1/pt
m/m/n/10 , \T1/zi4/m/n/10 s[0/8]\T1/ptm/m/n/10 , \T1/zi4/m/n/10 4/8\T1/ptm/m/n/
10 , \T1/zi4/m/n/10 s[4/8] \T1/ptm/m/n/10 and \T1/zi4/m/n/10 cov[0/8,4/8] 

Overfull \hbox (3.87054pt too wide) in paragraph at lines 152--156
[]\T1/ptm/m/n/10 one of ei-ther \TS1/zi4/m/n/10 '\T1/zi4/m/n/10 U238-Pb206\TS1/
zi4/m/n/10 '\T1/ptm/m/n/10 , \TS1/zi4/m/n/10 '\T1/zi4/m/n/10 U235-Pb207\TS1/zi4
/m/n/10 '\T1/ptm/m/n/10 , \TS1/zi4/m/n/10 '\T1/zi4/m/n/10 Pb207-Pb206\TS1/zi4/m
/n/10 '\T1/ptm/m/n/10 , \TS1/zi4/m/n/10 '\T1/zi4/m/n/10 Ar-Ar\TS1/zi4/m/n/10 '\
T1/ptm/m/n/10 , \TS1/zi4/m/n/10 '\T1/zi4/m/n/10 Th-U\TS1/zi4/m/n/10 '\T1/ptm/m/
n/10 ,
[3]
Overfull \hbox (1.93826pt too wide) in paragraph at lines 184--187
\T1/ptm/m/n/10 that in-cludes ac-counts for any overdis-per-sion by adding a ge
-o-log-i-cal (co)variance

Overfull \hbox (15.79549pt too wide) in paragraph at lines 216--225
\T1/ptm/m/n/10 mon') $[]$Ar/$[]$Ar, $[]$Pb/$[]$Pb, $[]$Sr/$[]$Sr, $[]$Nd/$[]$Nd
, $[]$Os/$[]$Os or $[]$Hf/$[]$Hf
[4] (/usr/local/texlive/2017/texmf-dist/tex/latex/base/utf8.def)
Overfull \hbox (13.88815pt too wide) in paragraph at lines 341--347
[]\T1/ptm/m/n/10 logical flag in-di-cat-ing whether a plateau age should be cal
-cu-lated. If \T1/zi4/m/n/10 plateau=TRUE\T1/ptm/m/n/10 ,
[5] [6] (/usr/local/texlive/2017/texmf-dist/tex/latex/base/utf8.def) [7]
Overfull \hbox (7.6388pt too wide) in paragraph at lines 534--538
[]\T1/ptm/m/n/10 a nu-mer-i-cal vec-tor OR an ob-ject of class \T1/zi4/m/n/10 U
Pb\T1/ptm/m/n/10 , \T1/zi4/m/n/10 PbPb\T1/ptm/m/n/10 , \T1/zi4/m/n/10 ArAr\T1/p
tm/m/n/10 , \T1/zi4/m/n/10 UThHe\T1/ptm/m/n/10 , \T1/zi4/m/n/10 fissiontracks\T
1/ptm/m/n/10 ,

Overfull \hbox (9.08253pt too wide) in paragraph at lines 565--569
[]\T1/ptm/m/n/10 the age (in Ma) be-low which the $[]$Pb/$[]$U-age and above wh
ich the $[]$Pb/$[]$Pb-
[8]
Overfull \hbox (15.79549pt too wide) in paragraph at lines 591--600
\T1/ptm/m/n/10 mon') $[]$Ar/$[]$Ar, $[]$Pb/$[]$Pb, $[]$Sr/$[]$Sr, $[]$Nd/$[]$Nd
, $[]$Os/$[]$Os or $[]$Hf/$[]$Hf

Underfull \hbox (badness 10000) in paragraph at lines 604--628


Underfull \hbox (badness 10000) in paragraph at lines 604--628

(/usr/local/texlive/2017/texmf-dist/tex/latex/base/utf8.def) [9]
Overfull \hbox (0.24776pt too wide) in paragraph at lines 695--698
[]\T1/zi4/m/n/10 2\T1/ptm/m/n/10 : un-weighted mean. A sec-ond way to deal with
 over- or un-der-dis-persed datasets
[10] [11] (/usr/local/texlive/2017/texmf-dist/tex/latex/base/utf8.def) [12]
Overfull \hbox (3.66866pt too wide) in paragraph at lines 966--971
[]\T1/ptm/m/n/10 a vec-tor with three items (\T1/zi4/m/n/10 equivalence\T1/ptm/
m/n/10 , \T1/zi4/m/n/10 concordance \T1/ptm/m/n/10 and \T1/zi4/m/n/10 combined\
T1/ptm/m/n/10 ) con-tain-ing the MSWD
[13] (/usr/local/texlive/2017/texmf-dist/tex/latex/base/utf8.def) [14]
(/usr/local/texlive/2017/texmf-dist/tex/latex/base/utf8.def) [15]
Overfull \hbox (7.61691pt too wide) in paragraph at lines 1174--1179
\T1/ptm/m/n/10 any overdis-per-sion (MSWD > 1) to un-der-es-ti-mated an-a-lyt-i
-cal un-cer-tain-ties (model

Underfull \hbox (badness 10000) in paragraph at lines 1190--1213

[16] (/usr/local/texlive/2017/texmf-dist/tex/latex/base/utf8.def) [17] [18]
(/usr/local/texlive/2017/texmf-dist/tex/latex/base/utf8.def)
Overfull \hbox (3.81812pt too wide) in paragraph at lines 1402--1405
[]\T1/ptm/m/n/10 Boolean flag in-di-cat-ing whether the data should be shown on
 bi-vari-ate log[He/Th]

Overfull \hbox (0.24776pt too wide) in paragraph at lines 1416--1419
[]\T1/zi4/m/n/10 2\T1/ptm/m/n/10 : un-weighted mean. A sec-ond way to deal with
 over- or un-der-dis-persed datasets
[19]
Underfull \hbox (badness 10000) in paragraph at lines 1467--1515


Underfull \hbox (badness 10000) in paragraph at lines 1467--1515


Underfull \hbox (badness 10000) in paragraph at lines 1467--1515


Underfull \hbox (badness 10000) in paragraph at lines 1467--1515

[20] (/usr/local/texlive/2017/texmf-dist/tex/latex/base/utf8.def) [21] [22]
[23] [24] [25] (/usr/local/texlive/2017/texmf-dist/tex/latex/base/utf8.def)
(/usr/local/texlive/2017/texmf-dist/tex/latex/base/utf8.def) [26pdfTeX warning 
(ext4): destination with the same identifier (name{Rfn.IsoplotR.Rdash.package})
 has been already used, duplicate ignored

\AtBegShi@Output ...ipout \box \AtBeginShipoutBox 
                                                  \fi \fi 
l.2045 ...lot = TRUE, pch = NA, xlab = "age [Ma]",
                                                  ] [27] [28]
Underfull \hbox (badness 10000) in paragraph at lines 2238--2261


Underfull \hbox (badness 10000) in paragraph at lines 2238--2261

[29] [30] (/usr/local/texlive/2017/texmf-dist/tex/latex/base/utf8.def)
Overfull \hbox (2.37659pt too wide) in paragraph at lines 2341--2343
[]\T1/ptm/m/n/10 Implements the max-i-mum like-li-hood al-go-rithm for Total-Pb
/U isochron re-gres-sion of Lud-wig (1998) 
[31] (/usr/local/texlive/2017/texmf-dist/tex/latex/base/utf8.def) [32]
Overfull \hbox (4.89603pt too wide) in paragraph at lines 2483--2485
[]\T1/ptm/m/n/10 logical flag in-di-cat-ing whether clas-si-cal (\T1/zi4/m/n/10
 TRUE\T1/ptm/m/n/10 ) or non-metric (\T1/zi4/m/n/10 FALSE\T1/ptm/m/n/10 ) MDS s
hould

Overfull \hbox (16.32802pt too wide) in paragraph at lines 2486--2488
[]\T1/ptm/m/n/10 show the MDS con-fig-u-ra-tion (if \T1/zi4/m/n/10 shepard=FALS
E\T1/ptm/m/n/10 ) or Shep-ard plot (if \T1/zi4/m/n/10 shepard=TRUE\T1/ptm/m/n/1
0 )

Underfull \hbox (badness 10000) in paragraph at lines 2512--2551


Underfull \hbox (badness 10000) in paragraph at lines 2512--2551

[33] (/usr/local/texlive/2017/texmf-dist/tex/latex/base/utf8.def) [34] [35]
Overfull \hbox (15.79549pt too wide) in paragraph at lines 2714--2723
\T1/ptm/m/n/10 mon') $[]$Ar/$[]$Ar, $[]$Pb/$[]$Pb, $[]$Sr/$[]$Sr, $[]$Nd/$[]$Nd
, $[]$Os/$[]$Os or $[]$Hf/$[]$Hf

Underfull \hbox (badness 10000) in paragraph at lines 2727--2752


Underfull \hbox (badness 10000) in paragraph at lines 2727--2752

[36] (/usr/local/texlive/2017/texmf-dist/tex/latex/base/utf8.def) [37] [38]
[39]
Overfull \hbox (15.79549pt too wide) in paragraph at lines 2995--3004
\T1/ptm/m/n/10 mon') $[]$Ar/$[]$Ar, $[]$Pb/$[]$Pb, $[]$Sr/$[]$Sr, $[]$Nd/$[]$Nd
, $[]$Os/$[]$Os or $[]$Hf/$[]$Hf
(/usr/local/texlive/2017/texmf-dist/tex/latex/base/utf8.def) [40]
Overfull \hbox (0.72017pt too wide) in paragraph at lines 3094--3095
[]\T1/zi4/m/n/10 X=7/6, s[X], Y=7/5, s[Y], Z=6/8, s[Z] (, rho[X,Y]) (, rho[Y,Z]
) 

Overfull \hbox (62.38002pt too wide) in paragraph at lines 3097--3098
[]\T1/zi4/m/n/10 7/5, s[7/5], 6/8, s[6/8], 4/8, s[4/8], 7/6, s[7/6], 4/7, s[4/7
], 4/6, s[4/6] 

Overfull \hbox (12.40047pt too wide) in paragraph at lines 3142--3143
[]\T1/zi4/m/n/10 Sm147/Nd144, s[Sm147/Nd144], Nd143/Nd144, s[Nd143/Nd144] (, rh
o) 
[41]
Overfull \hbox (12.40047pt too wide) in paragraph at lines 3154--3155
[]\T1/zi4/m/n/10 Re187/Os188, s[Re187/Os188], Os187/Os188, s[Os187/Os188] (, rh
o) 

Overfull \hbox (12.40047pt too wide) in paragraph at lines 3166--3167
[]\T1/zi4/m/n/10 Lu176/Hf177, s[Lu176/Hf177], Hf176/Hf177, s[Hf176/Hf177] (, rh
o) 

Overfull \hbox (22.39024pt too wide) in paragraph at lines 3178--3179
[]\T1/zi4/m/n/10 X=8/2, s[X], Y=4/2, s[Y], Z=0/2, s[Z], rho[X,Y], rho[X,Z], rho
[Y,Z] 

Overfull \hbox (22.39024pt too wide) in paragraph at lines 3179--3180
[]\T1/zi4/m/n/10 X=2/8, s[X], Y=4/8, s[Y], Z=0/8, s[Z], rho[X,Y], rho[X,Z], rho
[Y,Z] 
[42] (/usr/local/texlive/2017/texmf-dist/tex/latex/base/utf8.def) [43] [44]
(/usr/local/texlive/2017/texmf-dist/tex/latex/base/utf8.def)
Overfull \hbox (35.85094pt too wide) in paragraph at lines 3471--3485
\T1/zi4/m/n/10 "Ar38Ar36"\T1/ptm/m/n/10 , \T1/zi4/m/n/10 "Rb85Rb87"\T1/ptm/m/n/
10 , \T1/zi4/m/n/10 "Sr88Sr86"\T1/ptm/m/n/10 , \T1/zi4/m/n/10 "Sr87Sr86"\T1/ptm
/m/n/10 , \T1/zi4/m/n/10 "Sr84Sr86"\T1/ptm/m/n/10 , \T1/zi4/m/n/10 "Re185Re187"
\T1/ptm/m/n/10 ,

Overfull \hbox (18.71092pt too wide) in paragraph at lines 3471--3485
\T1/zi4/m/n/10 "Os184Os192" "Os186Os192"\T1/ptm/m/n/10 , \T1/zi4/m/n/10 "Os187O
s192"\T1/ptm/m/n/10 , \T1/zi4/m/n/10 "Os188Os192"\T1/ptm/m/n/10 , \T1/zi4/m/n/1
0 "Os189Os192"\T1/ptm/m/n/10 ,

Overfull \hbox (11.33092pt too wide) in paragraph at lines 3471--3485
\T1/zi4/m/n/10 "Os190Os192"\T1/ptm/m/n/10 , \T1/zi4/m/n/10 "U238U235"\T1/ptm/m/
n/10 , \T1/zi4/m/n/10 "Sm144Sm152"\T1/ptm/m/n/10 , \T1/zi4/m/n/10 "Sm147Sm152"\
T1/ptm/m/n/10 , \T1/zi4/m/n/10 "Sm148Sm152"\T1/ptm/m/n/10 ,

Overfull \hbox (21.33092pt too wide) in paragraph at lines 3471--3485
\T1/zi4/m/n/10 "Sm149Sm152"\T1/ptm/m/n/10 , \T1/zi4/m/n/10 "Sm150Sm152"\T1/ptm/
m/n/10 , \T1/zi4/m/n/10 "Sm154Sm152"\T1/ptm/m/n/10 , \T1/zi4/m/n/10 "Nd142Nd144
"\T1/ptm/m/n/10 , \T1/zi4/m/n/10 "Nd143Nd144"\T1/ptm/m/n/10 ,

Overfull \hbox (21.33092pt too wide) in paragraph at lines 3471--3485
\T1/zi4/m/n/10 "Nd145Nd144"\T1/ptm/m/n/10 , \T1/zi4/m/n/10 "Nd146Nd144"\T1/ptm/
m/n/10 , \T1/zi4/m/n/10 "Nd148Nd144"\T1/ptm/m/n/10 , \T1/zi4/m/n/10 "Nd150Nd144
"\T1/ptm/m/n/10 , \T1/zi4/m/n/10 "Lu176Lu175"\T1/ptm/m/n/10 ,

Overfull \hbox (22.16087pt too wide) in paragraph at lines 3471--3485
\T1/zi4/m/n/10 "Hf174Hf177"\T1/ptm/m/n/10 , \T1/zi4/m/n/10 "Hf176Hf177"\T1/ptm/
m/n/10 , \T1/zi4/m/n/10 "Hf178Hf177"\T1/ptm/m/n/10 , \T1/zi4/m/n/10 "Hf179Hf177
"\T1/ptm/m/n/10 , \T1/zi4/m/n/10 "Hf180Hf177"\T1/ptm/m/n/10 )
[45]
Overfull \hbox (9.411pt too wide) in paragraph at lines 3486--3495
\T1/zi4/m/n/10 "Rb85"\T1/ptm/m/n/10 , \T1/zi4/m/n/10 "Rb87"\T1/ptm/m/n/10 , \T1
/zi4/m/n/10 "Sr84"\T1/ptm/m/n/10 , \T1/zi4/m/n/10 "Sr86"\T1/ptm/m/n/10 , \T1/zi
4/m/n/10 "Sr87"\T1/ptm/m/n/10 , \T1/zi4/m/n/10 "Sr88"\T1/ptm/m/n/10 , \T1/zi4/m
/n/10 "Re"\T1/ptm/m/n/10 , \T1/zi4/m/n/10 "Re185"\T1/ptm/m/n/10 , \T1/zi4/m/n/1
0 "Re187"\T1/ptm/m/n/10 ,

Overfull \hbox (8.05898pt too wide) in paragraph at lines 3496--3499
[]\T1/ptm/m/n/10 for \TS1/zi4/m/n/10 '\T1/zi4/m/n/10 mindens\TS1/zi4/m/n/10 '\T
1/ptm/m/n/10 : the min-eral of in-ter-est (one of ei-ther \T1/zi4/m/n/10 "apati
te" \T1/ptm/m/n/10 or \T1/zi4/m/n/10 "zircon"\T1/ptm/m/n/10 )

Overfull \hbox (14.49904pt too wide) in paragraph at lines 3504--3508
[]\TS1/zi4/m/n/10 '\T1/zi4/m/n/10 tracklength\TS1/zi4/m/n/10 '\T1/ptm/m/n/10 : 
the min-eral of in-ter-est (one of ei-ther \T1/zi4/m/n/10 "apatite" \T1/ptm/m/n
/10 or \T1/zi4/m/n/10 "zircon"\T1/ptm/m/n/10 )
[46]
Overfull \hbox (1.38768pt too wide) in paragraph at lines 3615--3619
\T1/ptm/m/n/10 tary chronol-ogy and chem-i-cal evo-lu-tion." Geochim-ica et Cos
-mochim-ica Acta 47.1 (1983):
[47] (/usr/local/texlive/2017/texmf-dist/tex/latex/base/utf8.def) [48]
(/usr/local/texlive/2017/texmf-dist/tex/latex/base/utf8.def) [49]
Underfull \vbox (badness 1077) has occurred while \output is active [50]
Overfull \hbox (4.32205pt too wide) in paragraph at lines 3872--3876
[]\T1/ptm/m/n/10 the age (in Ma) be-low which the $[]$Pb/$[]$U age and above wh
ich the $[]$Pb/$[]$Pb

Overfull \hbox (15.79549pt too wide) in paragraph at lines 3900--3909
\T1/ptm/m/n/10 mon') $[]$Ar/$[]$Ar, $[]$Pb/$[]$Pb, $[]$Sr/$[]$Sr, $[]$Nd/$[]$Nd
, $[]$Os/$[]$Os or $[]$Hf/$[]$Hf
[51] (/usr/local/texlive/2017/texmf-dist/tex/latex/base/utf8.def) [52] [53]
(./Rd2.ind [54]

LaTeX Font Warning: Font shape `T1/zi4/m/it' undefined
(Font)              using `T1/zi4/m/n' instead on input line 3.

[55]) (./Rd2.aux)

LaTeX Font Warning: Some font shapes were not available, defaults substituted.

 )
(see the transcript file for additional information){/usr/local/texlive/2017/te
xmf-dist/fonts/enc/dvips/inconsolata/i4-ts1.enc}{/usr/local/texlive/2017/texmf-
dist/fonts/enc/dvips/base/8r.enc}{/usr/local/texlive/2017/texmf-dist/fonts/enc/
dvips/inconsolata/i4-t1-0.enc}</usr/local/texlive/2017/texmf-dist/fonts/type1/p
ublic/inconsolata/Inconsolata-zi4r.pfb></usr/local/texlive/2017/texmf-dist/font
s/type1/public/amsfonts/cm/cmex10.pfb></usr/local/texlive/2017/texmf-dist/fonts
/type1/public/amsfonts/cm/cmmi10.pfb></usr/local/texlive/2017/texmf-dist/fonts/
type1/public/amsfonts/cm/cmmi5.pfb></usr/local/texlive/2017/texmf-dist/fonts/ty
pe1/public/amsfonts/cm/cmmi7.pfb></usr/local/texlive/2017/texmf-dist/fonts/type
1/public/amsfonts/cm/cmr10.pfb></usr/local/texlive/2017/texmf-dist/fonts/type1/
public/amsfonts/cm/cmr5.pfb></usr/local/texlive/2017/texmf-dist/fonts/type1/pub
lic/amsfonts/cm/cmr7.pfb></usr/local/texlive/2017/texmf-dist/fonts/type1/public
/amsfonts/cm/cmsy10.pfb></usr/local/texlive/2017/texmf-dist/fonts/type1/public/
amsfonts/cm/cmsy7.pfb></usr/local/texlive/2017/texmf-dist/fonts/type1/urw/helve
tic/uhvr8a.pfb></usr/local/texlive/2017/texmf-dist/fonts/type1/urw/times/utmb8a
.pfb></usr/local/texlive/2017/texmf-dist/fonts/type1/urw/times/utmr8a.pfb></usr
/local/texlive/2017/texmf-dist/fonts/type1/urw/times/utmr8a.pfb></usr/local/tex
live/2017/texmf-dist/fonts/type1/urw/times/utmri8a.pfb>
Output written on Rd2.pdf (55 pages, 323309 bytes).
Transcript written on Rd2.log.
This is makeindex, version 2.15 [TeX Live 2017] (kpathsea + Thai support).
Scanning input file Rd2.idx....done (78 entries accepted, 0 rejected).
Sorting entries....done (561 comparisons).
Generating output file Rd2.ind....done (101 lines written, 1 warning).
Output written in Rd2.ind.
Transcript written in Rd2.ilg.
This is pdfTeX, Version 3.14159265-2.6-1.40.18 (TeX Live 2017) (preloaded format=pdflatex)
 restricted \write18 enabled.
entering extended mode
LaTeX2e <2017-04-15>
Babel <3.10> and hyphenation patterns for 84 language(s) loaded.
(./Rd2.tex
(/usr/local/texlive/2017/texmf-dist/tex/latex/base/book.cls
Document Class: book 2014/09/29 v1.4h Standard LaTeX document class
(/usr/local/texlive/2017/texmf-dist/tex/latex/base/bk10.clo))
(/Library/Frameworks/R.framework/Resources/share/texmf/tex/latex/Rd.sty
(/usr/local/texlive/2017/texmf-dist/tex/latex/base/ifthen.sty)
(/usr/local/texlive/2017/texmf-dist/tex/latex/tools/longtable.sty)
(/usr/local/texlive/2017/texmf-dist/tex/latex/tools/bm.sty)
(/usr/local/texlive/2017/texmf-dist/tex/latex/base/alltt.sty)
(/usr/local/texlive/2017/texmf-dist/tex/latex/tools/verbatim.sty)
(/usr/local/texlive/2017/texmf-dist/tex/latex/url/url.sty)
(/usr/local/texlive/2017/texmf-dist/tex/latex/base/textcomp.sty
(/usr/local/texlive/2017/texmf-dist/tex/latex/base/ts1enc.def))
(/usr/local/texlive/2017/texmf-dist/tex/latex/base/fontenc.sty
(/usr/local/texlive/2017/texmf-dist/tex/latex/base/t1enc.def))
(/usr/local/texlive/2017/texmf-dist/tex/latex/psnfss/times.sty)
(/usr/local/texlive/2017/texmf-dist/tex/latex/inconsolata/zi4.sty
`inconsolata-zi4' v1.112, 2017/01/04 Text macros for Inconsolata (msharpe)
(/usr/local/texlive/2017/texmf-dist/tex/latex/xkeyval/xkeyval.sty
(/usr/local/texlive/2017/texmf-dist/tex/generic/xkeyval/xkeyval.tex
(/usr/local/texlive/2017/texmf-dist/tex/generic/xkeyval/xkvutils.tex
(/usr/local/texlive/2017/texmf-dist/tex/generic/xkeyval/keyval.tex)))))
(/usr/local/texlive/2017/texmf-dist/tex/latex/graphics/color.sty
(/usr/local/texlive/2017/texmf-dist/tex/latex/graphics-cfg/color.cfg)
(/usr/local/texlive/2017/texmf-dist/tex/latex/graphics-def/pdftex.def
(/usr/local/texlive/2017/texmf-dist/tex/generic/oberdiek/infwarerr.sty)
(/usr/local/texlive/2017/texmf-dist/tex/generic/oberdiek/ltxcmds.sty)))
(/usr/local/texlive/2017/texmf-dist/tex/latex/hyperref/hyperref.sty
(/usr/local/texlive/2017/texmf-dist/tex/generic/oberdiek/hobsub-hyperref.sty
(/usr/local/texlive/2017/texmf-dist/tex/generic/oberdiek/hobsub-generic.sty))
(/usr/local/texlive/2017/texmf-dist/tex/generic/ifxetex/ifxetex.sty)
(/usr/local/texlive/2017/texmf-dist/tex/latex/oberdiek/auxhook.sty)
(/usr/local/texlive/2017/texmf-dist/tex/latex/oberdiek/kvoptions.sty)
(/usr/local/texlive/2017/texmf-dist/tex/latex/hyperref/pd1enc.def)
(/usr/local/texlive/2017/texmf-dist/tex/latex/latexconfig/hyperref.cfg))

Package hyperref Message: Driver (autodetected): hpdftex.

(/usr/local/texlive/2017/texmf-dist/tex/latex/hyperref/hpdftex.def
(/usr/local/texlive/2017/texmf-dist/tex/latex/oberdiek/rerunfilecheck.sty))

Package hyperref Warning: Option `hyperindex' has already been used,
(hyperref)                setting the option has no effect on input line 366.


Package hyperref Warning: Option `pagebackref' has already been used,
(hyperref)                setting the option has no effect on input line 366.

) (/usr/local/texlive/2017/texmf-dist/tex/latex/base/makeidx.sty)
(/usr/local/texlive/2017/texmf-dist/tex/latex/base/inputenc.sty
(/usr/local/texlive/2017/texmf-dist/tex/latex/base/utf8.def
(/usr/local/texlive/2017/texmf-dist/tex/latex/base/t1enc.dfu)
(/usr/local/texlive/2017/texmf-dist/tex/latex/base/ot1enc.dfu)
(/usr/local/texlive/2017/texmf-dist/tex/latex/base/omsenc.dfu)
(/usr/local/texlive/2017/texmf-dist/tex/latex/base/ts1enc.dfu))
(/usr/local/texlive/2017/texmf-dist/tex/latex/base/latin1.def))
Writing index file Rd2.idx
(./Rd2.aux) (/usr/local/texlive/2017/texmf-dist/tex/latex/base/ts1cmr.fd)
(/usr/local/texlive/2017/texmf-dist/tex/latex/psnfss/t1ptm.fd)
(/usr/local/texlive/2017/texmf-dist/tex/context/base/mkii/supp-pdf.mkii
[Loading MPS to PDF converter (version 2006.09.02).]
) (/usr/local/texlive/2017/texmf-dist/tex/latex/hyperref/nameref.sty
(/usr/local/texlive/2017/texmf-dist/tex/generic/oberdiek/gettitlestring.sty))
(./Rd2.out) (./Rd2.out)
(/usr/local/texlive/2017/texmf-dist/tex/latex/psnfss/ts1ptm.fd)
(/usr/local/texlive/2017/texmf-dist/tex/latex/inconsolata/t1zi4.fd)
(/usr/local/texlive/2017/texmf-dist/tex/latex/psnfss/t1phv.fd) (./Rd2.toc
[1{/usr/local/texlive/2017/texmf-var/fonts/map/pdftex/updmap/pdftex.map}])
(/usr/local/texlive/2017/texmf-dist/tex/latex/base/utf8.def)
(/usr/local/texlive/2017/texmf-dist/tex/latex/inconsolata/ts1zi4.fd) [2]
Overfull \hbox (42.20897pt too wide) in paragraph at lines 106--109
\T1/ptm/m/n/10 the spon-ta-neous and in-duced track den-si-ties \T1/zi4/m/n/10 
Ns \T1/ptm/m/n/10 and \T1/zi4/m/n/10 Ni \T1/ptm/m/n/10 (if \T1/zi4/m/n/10 metho
d=\TS1/zi4/m/n/10 '\T1/zi4/m/n/10 fissiontracks\TS1/zi4/m/n/10 '\T1/ptm/m/n/10 
), 

Overfull \hbox (29.01964pt too wide) in paragraph at lines 120--122
[]\T1/ptm/m/n/10 a six el-e-ment vec-tor con-tain-ing \T1/zi4/m/n/10 Rb\T1/ptm/
m/n/10 , \T1/zi4/m/n/10 s[Rb]\T1/ptm/m/n/10 , \T1/zi4/m/n/10 Sr\T1/ptm/m/n/10 ,
 \T1/zi4/m/n/10 s[Sr]\T1/ptm/m/n/10 , \T1/zi4/m/n/10 Sr87Sr86\T1/ptm/m/n/10 , a
nd \T1/zi4/m/n/10 s[Sr87Sr86] 

Overfull \hbox (9.80981pt too wide) in paragraph at lines 132--134
[]\T1/ptm/m/n/10 a five el-e-ment vec-tor con-tain-ing \T1/zi4/m/n/10 0/8\T1/pt
m/m/n/10 , \T1/zi4/m/n/10 s[0/8]\T1/ptm/m/n/10 , \T1/zi4/m/n/10 4/8\T1/ptm/m/n/
10 , \T1/zi4/m/n/10 s[4/8] \T1/ptm/m/n/10 and \T1/zi4/m/n/10 cov[0/8,4/8] 

Overfull \hbox (3.87054pt too wide) in paragraph at lines 152--156
[]\T1/ptm/m/n/10 one of ei-ther \TS1/zi4/m/n/10 '\T1/zi4/m/n/10 U238-Pb206\TS1/
zi4/m/n/10 '\T1/ptm/m/n/10 , \TS1/zi4/m/n/10 '\T1/zi4/m/n/10 U235-Pb207\TS1/zi4
/m/n/10 '\T1/ptm/m/n/10 , \TS1/zi4/m/n/10 '\T1/zi4/m/n/10 Pb207-Pb206\TS1/zi4/m
/n/10 '\T1/ptm/m/n/10 , \TS1/zi4/m/n/10 '\T1/zi4/m/n/10 Ar-Ar\TS1/zi4/m/n/10 '\
T1/ptm/m/n/10 , \TS1/zi4/m/n/10 '\T1/zi4/m/n/10 Th-U\TS1/zi4/m/n/10 '\T1/ptm/m/
n/10 ,
[3]
Overfull \hbox (1.93826pt too wide) in paragraph at lines 184--187
\T1/ptm/m/n/10 that in-cludes ac-counts for any overdis-per-sion by adding a ge
-o-log-i-cal (co)variance

Overfull \hbox (15.79549pt too wide) in paragraph at lines 216--225
\T1/ptm/m/n/10 mon') $[]$Ar/$[]$Ar, $[]$Pb/$[]$Pb, $[]$Sr/$[]$Sr, $[]$Nd/$[]$Nd
, $[]$Os/$[]$Os or $[]$Hf/$[]$Hf
[4] (/usr/local/texlive/2017/texmf-dist/tex/latex/base/utf8.def)
Overfull \hbox (13.88815pt too wide) in paragraph at lines 341--347
[]\T1/ptm/m/n/10 logical flag in-di-cat-ing whether a plateau age should be cal
-cu-lated. If \T1/zi4/m/n/10 plateau=TRUE\T1/ptm/m/n/10 ,
[5] [6] (/usr/local/texlive/2017/texmf-dist/tex/latex/base/utf8.def) [7]
Overfull \hbox (7.6388pt too wide) in paragraph at lines 534--538
[]\T1/ptm/m/n/10 a nu-mer-i-cal vec-tor OR an ob-ject of class \T1/zi4/m/n/10 U
Pb\T1/ptm/m/n/10 , \T1/zi4/m/n/10 PbPb\T1/ptm/m/n/10 , \T1/zi4/m/n/10 ArAr\T1/p
tm/m/n/10 , \T1/zi4/m/n/10 UThHe\T1/ptm/m/n/10 , \T1/zi4/m/n/10 fissiontracks\T
1/ptm/m/n/10 ,

Overfull \hbox (9.08253pt too wide) in paragraph at lines 565--569
[]\T1/ptm/m/n/10 the age (in Ma) be-low which the $[]$Pb/$[]$U-age and above wh
ich the $[]$Pb/$[]$Pb-
[8]
Overfull \hbox (15.79549pt too wide) in paragraph at lines 591--600
\T1/ptm/m/n/10 mon') $[]$Ar/$[]$Ar, $[]$Pb/$[]$Pb, $[]$Sr/$[]$Sr, $[]$Nd/$[]$Nd
, $[]$Os/$[]$Os or $[]$Hf/$[]$Hf

Underfull \hbox (badness 10000) in paragraph at lines 604--628


Underfull \hbox (badness 10000) in paragraph at lines 604--628

(/usr/local/texlive/2017/texmf-dist/tex/latex/base/utf8.def) [9]
Overfull \hbox (0.24776pt too wide) in paragraph at lines 695--698
[]\T1/zi4/m/n/10 2\T1/ptm/m/n/10 : un-weighted mean. A sec-ond way to deal with
 over- or un-der-dis-persed datasets
[10] [11] (/usr/local/texlive/2017/texmf-dist/tex/latex/base/utf8.def) [12]
Overfull \hbox (3.66866pt too wide) in paragraph at lines 966--971
[]\T1/ptm/m/n/10 a vec-tor with three items (\T1/zi4/m/n/10 equivalence\T1/ptm/
m/n/10 , \T1/zi4/m/n/10 concordance \T1/ptm/m/n/10 and \T1/zi4/m/n/10 combined\
T1/ptm/m/n/10 ) con-tain-ing the MSWD
[13] (/usr/local/texlive/2017/texmf-dist/tex/latex/base/utf8.def) [14]
(/usr/local/texlive/2017/texmf-dist/tex/latex/base/utf8.def) [15]
Overfull \hbox (7.61691pt too wide) in paragraph at lines 1174--1179
\T1/ptm/m/n/10 any overdis-per-sion (MSWD > 1) to un-der-es-ti-mated an-a-lyt-i
-cal un-cer-tain-ties (model

Underfull \hbox (badness 10000) in paragraph at lines 1190--1213

[16] (/usr/local/texlive/2017/texmf-dist/tex/latex/base/utf8.def) [17] [18]
(/usr/local/texlive/2017/texmf-dist/tex/latex/base/utf8.def)
Overfull \hbox (3.81812pt too wide) in paragraph at lines 1402--1405
[]\T1/ptm/m/n/10 Boolean flag in-di-cat-ing whether the data should be shown on
 bi-vari-ate log[He/Th]

Overfull \hbox (0.24776pt too wide) in paragraph at lines 1416--1419
[]\T1/zi4/m/n/10 2\T1/ptm/m/n/10 : un-weighted mean. A sec-ond way to deal with
 over- or un-der-dis-persed datasets
[19]
Underfull \hbox (badness 10000) in paragraph at lines 1467--1515


Underfull \hbox (badness 10000) in paragraph at lines 1467--1515


Underfull \hbox (badness 10000) in paragraph at lines 1467--1515


Underfull \hbox (badness 10000) in paragraph at lines 1467--1515

[20] (/usr/local/texlive/2017/texmf-dist/tex/latex/base/utf8.def) [21] [22]
[23] [24] [25] (/usr/local/texlive/2017/texmf-dist/tex/latex/base/utf8.def)
(/usr/local/texlive/2017/texmf-dist/tex/latex/base/utf8.def) [26pdfTeX warning 
(ext4): destination with the same identifier (name{Rfn.IsoplotR.Rdash.package})
 has been already used, duplicate ignored

\AtBegShi@Output ...ipout \box \AtBeginShipoutBox 
                                                  \fi \fi 
l.2045 ...lot = TRUE, pch = NA, xlab = "age [Ma]",
                                                  ] [27] [28]
Underfull \hbox (badness 10000) in paragraph at lines 2238--2261


Underfull \hbox (badness 10000) in paragraph at lines 2238--2261

[29] [30] (/usr/local/texlive/2017/texmf-dist/tex/latex/base/utf8.def)
Overfull \hbox (2.37659pt too wide) in paragraph at lines 2341--2343
[]\T1/ptm/m/n/10 Implements the max-i-mum like-li-hood al-go-rithm for Total-Pb
/U isochron re-gres-sion of Lud-wig (1998) 
[31] (/usr/local/texlive/2017/texmf-dist/tex/latex/base/utf8.def) [32]
Overfull \hbox (4.89603pt too wide) in paragraph at lines 2483--2485
[]\T1/ptm/m/n/10 logical flag in-di-cat-ing whether clas-si-cal (\T1/zi4/m/n/10
 TRUE\T1/ptm/m/n/10 ) or non-metric (\T1/zi4/m/n/10 FALSE\T1/ptm/m/n/10 ) MDS s
hould

Overfull \hbox (16.32802pt too wide) in paragraph at lines 2486--2488
[]\T1/ptm/m/n/10 show the MDS con-fig-u-ra-tion (if \T1/zi4/m/n/10 shepard=FALS
E\T1/ptm/m/n/10 ) or Shep-ard plot (if \T1/zi4/m/n/10 shepard=TRUE\T1/ptm/m/n/1
0 )

Underfull \hbox (badness 10000) in paragraph at lines 2512--2551


Underfull \hbox (badness 10000) in paragraph at lines 2512--2551

[33] (/usr/local/texlive/2017/texmf-dist/tex/latex/base/utf8.def) [34] [35]
Overfull \hbox (15.79549pt too wide) in paragraph at lines 2714--2723
\T1/ptm/m/n/10 mon') $[]$Ar/$[]$Ar, $[]$Pb/$[]$Pb, $[]$Sr/$[]$Sr, $[]$Nd/$[]$Nd
, $[]$Os/$[]$Os or $[]$Hf/$[]$Hf

Underfull \hbox (badness 10000) in paragraph at lines 2727--2752


Underfull \hbox (badness 10000) in paragraph at lines 2727--2752

[36] (/usr/local/texlive/2017/texmf-dist/tex/latex/base/utf8.def) [37] [38]
[39]
Overfull \hbox (15.79549pt too wide) in paragraph at lines 2995--3004
\T1/ptm/m/n/10 mon') $[]$Ar/$[]$Ar, $[]$Pb/$[]$Pb, $[]$Sr/$[]$Sr, $[]$Nd/$[]$Nd
, $[]$Os/$[]$Os or $[]$Hf/$[]$Hf
(/usr/local/texlive/2017/texmf-dist/tex/latex/base/utf8.def) [40]
Overfull \hbox (0.72017pt too wide) in paragraph at lines 3094--3095
[]\T1/zi4/m/n/10 X=7/6, s[X], Y=7/5, s[Y], Z=6/8, s[Z] (, rho[X,Y]) (, rho[Y,Z]
) 

Overfull \hbox (62.38002pt too wide) in paragraph at lines 3097--3098
[]\T1/zi4/m/n/10 7/5, s[7/5], 6/8, s[6/8], 4/8, s[4/8], 7/6, s[7/6], 4/7, s[4/7
], 4/6, s[4/6] 

Overfull \hbox (12.40047pt too wide) in paragraph at lines 3142--3143
[]\T1/zi4/m/n/10 Sm147/Nd144, s[Sm147/Nd144], Nd143/Nd144, s[Nd143/Nd144] (, rh
o) 
[41]
Overfull \hbox (12.40047pt too wide) in paragraph at lines 3154--3155
[]\T1/zi4/m/n/10 Re187/Os188, s[Re187/Os188], Os187/Os188, s[Os187/Os188] (, rh
o) 

Overfull \hbox (12.40047pt too wide) in paragraph at lines 3166--3167
[]\T1/zi4/m/n/10 Lu176/Hf177, s[Lu176/Hf177], Hf176/Hf177, s[Hf176/Hf177] (, rh
o) 

Overfull \hbox (22.39024pt too wide) in paragraph at lines 3178--3179
[]\T1/zi4/m/n/10 X=8/2, s[X], Y=4/2, s[Y], Z=0/2, s[Z], rho[X,Y], rho[X,Z], rho
[Y,Z] 

Overfull \hbox (22.39024pt too wide) in paragraph at lines 3179--3180
[]\T1/zi4/m/n/10 X=2/8, s[X], Y=4/8, s[Y], Z=0/8, s[Z], rho[X,Y], rho[X,Z], rho
[Y,Z] 
[42] (/usr/local/texlive/2017/texmf-dist/tex/latex/base/utf8.def) [43] [44]
(/usr/local/texlive/2017/texmf-dist/tex/latex/base/utf8.def)
Overfull \hbox (35.85094pt too wide) in paragraph at lines 3471--3485
\T1/zi4/m/n/10 "Ar38Ar36"\T1/ptm/m/n/10 , \T1/zi4/m/n/10 "Rb85Rb87"\T1/ptm/m/n/
10 , \T1/zi4/m/n/10 "Sr88Sr86"\T1/ptm/m/n/10 , \T1/zi4/m/n/10 "Sr87Sr86"\T1/ptm
/m/n/10 , \T1/zi4/m/n/10 "Sr84Sr86"\T1/ptm/m/n/10 , \T1/zi4/m/n/10 "Re185Re187"
\T1/ptm/m/n/10 ,

Overfull \hbox (18.71092pt too wide) in paragraph at lines 3471--3485
\T1/zi4/m/n/10 "Os184Os192" "Os186Os192"\T1/ptm/m/n/10 , \T1/zi4/m/n/10 "Os187O
s192"\T1/ptm/m/n/10 , \T1/zi4/m/n/10 "Os188Os192"\T1/ptm/m/n/10 , \T1/zi4/m/n/1
0 "Os189Os192"\T1/ptm/m/n/10 ,

Overfull \hbox (11.33092pt too wide) in paragraph at lines 3471--3485
\T1/zi4/m/n/10 "Os190Os192"\T1/ptm/m/n/10 , \T1/zi4/m/n/10 "U238U235"\T1/ptm/m/
n/10 , \T1/zi4/m/n/10 "Sm144Sm152"\T1/ptm/m/n/10 , \T1/zi4/m/n/10 "Sm147Sm152"\
T1/ptm/m/n/10 , \T1/zi4/m/n/10 "Sm148Sm152"\T1/ptm/m/n/10 ,

Overfull \hbox (21.33092pt too wide) in paragraph at lines 3471--3485
\T1/zi4/m/n/10 "Sm149Sm152"\T1/ptm/m/n/10 , \T1/zi4/m/n/10 "Sm150Sm152"\T1/ptm/
m/n/10 , \T1/zi4/m/n/10 "Sm154Sm152"\T1/ptm/m/n/10 , \T1/zi4/m/n/10 "Nd142Nd144
"\T1/ptm/m/n/10 , \T1/zi4/m/n/10 "Nd143Nd144"\T1/ptm/m/n/10 ,

Overfull \hbox (21.33092pt too wide) in paragraph at lines 3471--3485
\T1/zi4/m/n/10 "Nd145Nd144"\T1/ptm/m/n/10 , \T1/zi4/m/n/10 "Nd146Nd144"\T1/ptm/
m/n/10 , \T1/zi4/m/n/10 "Nd148Nd144"\T1/ptm/m/n/10 , \T1/zi4/m/n/10 "Nd150Nd144
"\T1/ptm/m/n/10 , \T1/zi4/m/n/10 "Lu176Lu175"\T1/ptm/m/n/10 ,

Overfull \hbox (22.16087pt too wide) in paragraph at lines 3471--3485
\T1/zi4/m/n/10 "Hf174Hf177"\T1/ptm/m/n/10 , \T1/zi4/m/n/10 "Hf176Hf177"\T1/ptm/
m/n/10 , \T1/zi4/m/n/10 "Hf178Hf177"\T1/ptm/m/n/10 , \T1/zi4/m/n/10 "Hf179Hf177
"\T1/ptm/m/n/10 , \T1/zi4/m/n/10 "Hf180Hf177"\T1/ptm/m/n/10 )
[45]
Overfull \hbox (9.411pt too wide) in paragraph at lines 3486--3495
\T1/zi4/m/n/10 "Rb85"\T1/ptm/m/n/10 , \T1/zi4/m/n/10 "Rb87"\T1/ptm/m/n/10 , \T1
/zi4/m/n/10 "Sr84"\T1/ptm/m/n/10 , \T1/zi4/m/n/10 "Sr86"\T1/ptm/m/n/10 , \T1/zi
4/m/n/10 "Sr87"\T1/ptm/m/n/10 , \T1/zi4/m/n/10 "Sr88"\T1/ptm/m/n/10 , \T1/zi4/m
/n/10 "Re"\T1/ptm/m/n/10 , \T1/zi4/m/n/10 "Re185"\T1/ptm/m/n/10 , \T1/zi4/m/n/1
0 "Re187"\T1/ptm/m/n/10 ,

Overfull \hbox (8.05898pt too wide) in paragraph at lines 3496--3499
[]\T1/ptm/m/n/10 for \TS1/zi4/m/n/10 '\T1/zi4/m/n/10 mindens\TS1/zi4/m/n/10 '\T
1/ptm/m/n/10 : the min-eral of in-ter-est (one of ei-ther \T1/zi4/m/n/10 "apati
te" \T1/ptm/m/n/10 or \T1/zi4/m/n/10 "zircon"\T1/ptm/m/n/10 )

Overfull \hbox (14.49904pt too wide) in paragraph at lines 3504--3508
[]\TS1/zi4/m/n/10 '\T1/zi4/m/n/10 tracklength\TS1/zi4/m/n/10 '\T1/ptm/m/n/10 : 
the min-eral of in-ter-est (one of ei-ther \T1/zi4/m/n/10 "apatite" \T1/ptm/m/n
/10 or \T1/zi4/m/n/10 "zircon"\T1/ptm/m/n/10 )
[46]
Overfull \hbox (1.38768pt too wide) in paragraph at lines 3615--3619
\T1/ptm/m/n/10 tary chronol-ogy and chem-i-cal evo-lu-tion." Geochim-ica et Cos
-mochim-ica Acta 47.1 (1983):
[47] (/usr/local/texlive/2017/texmf-dist/tex/latex/base/utf8.def) [48]
(/usr/local/texlive/2017/texmf-dist/tex/latex/base/utf8.def) [49]
Underfull \vbox (badness 1077) has occurred while \output is active [50]
Overfull \hbox (4.32205pt too wide) in paragraph at lines 3872--3876
[]\T1/ptm/m/n/10 the age (in Ma) be-low which the $[]$Pb/$[]$U age and above wh
ich the $[]$Pb/$[]$Pb

Overfull \hbox (15.79549pt too wide) in paragraph at lines 3900--3909
\T1/ptm/m/n/10 mon') $[]$Ar/$[]$Ar, $[]$Pb/$[]$Pb, $[]$Sr/$[]$Sr, $[]$Nd/$[]$Nd
, $[]$Os/$[]$Os or $[]$Hf/$[]$Hf
[51] (/usr/local/texlive/2017/texmf-dist/tex/latex/base/utf8.def) [52] [53]
(./Rd2.ind [54]

LaTeX Font Warning: Font shape `T1/zi4/m/it' undefined
(Font)              using `T1/zi4/m/n' instead on input line 3.

[55]) (./Rd2.aux)

LaTeX Font Warning: Some font shapes were not available, defaults substituted.

 )
(see the transcript file for additional information){/usr/local/texlive/2017/te
xmf-dist/fonts/enc/dvips/inconsolata/i4-ts1.enc}{/usr/local/texlive/2017/texmf-
dist/fonts/enc/dvips/base/8r.enc}{/usr/local/texlive/2017/texmf-dist/fonts/enc/
dvips/inconsolata/i4-t1-0.enc}</usr/local/texlive/2017/texmf-dist/fonts/type1/p
ublic/inconsolata/Inconsolata-zi4r.pfb></usr/local/texlive/2017/texmf-dist/font
s/type1/public/amsfonts/cm/cmex10.pfb></usr/local/texlive/2017/texmf-dist/fonts
/type1/public/amsfonts/cm/cmmi10.pfb></usr/local/texlive/2017/texmf-dist/fonts/
type1/public/amsfonts/cm/cmmi5.pfb></usr/local/texlive/2017/texmf-dist/fonts/ty
pe1/public/amsfonts/cm/cmmi7.pfb></usr/local/texlive/2017/texmf-dist/fonts/type
1/public/amsfonts/cm/cmr10.pfb></usr/local/texlive/2017/texmf-dist/fonts/type1/
public/amsfonts/cm/cmr5.pfb></usr/local/texlive/2017/texmf-dist/fonts/type1/pub
lic/amsfonts/cm/cmr7.pfb></usr/local/texlive/2017/texmf-dist/fonts/type1/public
/amsfonts/cm/cmsy10.pfb></usr/local/texlive/2017/texmf-dist/fonts/type1/public/
amsfonts/cm/cmsy7.pfb></usr/local/texlive/2017/texmf-dist/fonts/type1/urw/helve
tic/uhvr8a.pfb></usr/local/texlive/2017/texmf-dist/fonts/type1/urw/times/utmb8a
.pfb></usr/local/texlive/2017/texmf-dist/fonts/type1/urw/times/utmr8a.pfb></usr
/local/texlive/2017/texmf-dist/fonts/type1/urw/times/utmr8a.pfb></usr/local/tex
live/2017/texmf-dist/fonts/type1/urw/times/utmri8a.pfb>
Output written on Rd2.pdf (55 pages, 322774 bytes).
Transcript written on Rd2.log.
Saving output to IsoplotR-manual.pdf ...
Done
You may want to clean up by 'rm -rf /var/folders/62/dk8pjqj93_b8mwprkndmztw40000gn/T//RtmpRVBUlV/Rd2pdfd14765e3080e'
